TN:
SF:src\features.ts
FN:108,mergeFeatureFlags
FN:120,isFeatureEnabled
FNF:2
FNH:2
FNDA:7,mergeFeatureFlags
FNDA:3,isFeatureEnabled
DA:51,2
DA:70,2
DA:89,2
DA:108,2
DA:111,7
DA:120,2
DA:124,3
LF:7
LH:7
BRF:0
BRH:0
end_of_record
TN:
SF:src\components\HexGrid.tsx
FN:15,(anonymous_11)
FN:26,getProxiedImageUrl
FN:160,(anonymous_13)
FN:161,(anonymous_14)
FN:178,(anonymous_15)
FN:184,(anonymous_16)
FN:190,(anonymous_17)
FN:220,(anonymous_18)
FN:267,(anonymous_19)
FN:288,(anonymous_20)
FN:297,(anonymous_21)
FN:300,(anonymous_22)
FN:309,(anonymous_23)
FN:317,(anonymous_24)
FN:334,(anonymous_25)
FN:354,(anonymous_26)
FN:355,(anonymous_27)
FN:360,(anonymous_28)
FN:364,(anonymous_29)
FN:383,(anonymous_30)
FN:503,(anonymous_31)
FN:511,(anonymous_32)
FN:522,(anonymous_33)
FN:554,(anonymous_34)
FN:582,(anonymous_35)
FN:593,(anonymous_36)
FN:608,(anonymous_37)
FN:619,(anonymous_38)
FN:628,(anonymous_39)
FN:639,(anonymous_40)
FN:640,(anonymous_41)
FN:641,(anonymous_42)
FN:642,(anonymous_43)
FN:656,(anonymous_44)
FN:660,(anonymous_45)
FN:664,(anonymous_46)
FN:677,(anonymous_47)
FN:679,(anonymous_48)
FN:688,(anonymous_49)
FN:694,(anonymous_50)
FN:699,(anonymous_51)
FN:717,(anonymous_52)
FN:723,(anonymous_53)
FN:727,(anonymous_54)
FN:759,(anonymous_55)
FN:761,(anonymous_56)
FN:770,(anonymous_57)
FN:776,(anonymous_58)
FN:849,(anonymous_59)
FN:878,(anonymous_60)
FN:888,(anonymous_61)
FN:907,(anonymous_62)
FN:917,(anonymous_63)
FN:918,(anonymous_64)
FN:937,(anonymous_65)
FN:942,(anonymous_66)
FN:956,(anonymous_67)
FN:968,(anonymous_68)
FN:1048,(anonymous_69)
FN:1059,(anonymous_70)
FN:1067,(anonymous_71)
FN:1081,(anonymous_72)
FN:1091,(anonymous_73)
FN:1096,(anonymous_74)
FN:1104,(anonymous_75)
FN:1119,(anonymous_76)
FN:1136,(anonymous_77)
FN:1145,(anonymous_78)
FN:1175,(anonymous_79)
FN:1203,(anonymous_80)
FN:1209,(anonymous_81)
FN:1278,(anonymous_82)
FN:1292,(anonymous_83)
FN:1318,(anonymous_84)
FN:1345,(anonymous_85)
FN:1359,(anonymous_86)
FN:1459,(anonymous_87)
FN:1719,(anonymous_88)
FN:1722,(anonymous_89)
FN:1751,(anonymous_90)
FN:1761,(anonymous_91)
FN:1779,(anonymous_92)
FN:1791,(anonymous_93)
FN:1803,(anonymous_94)
FN:1815,(anonymous_95)
FN:1824,(anonymous_96)
FN:1834,(anonymous_97)
FN:1835,(anonymous_98)
FN:1841,(anonymous_99)
FN:1845,(anonymous_100)
FN:1846,onKey
FN:1849,(anonymous_102)
FN:1860,(anonymous_103)
FN:1860,(anonymous_104)
FN:1861,(anonymous_105)
FN:1861,(anonymous_106)
FN:1864,(anonymous_107)
FN:1875,(anonymous_108)
FN:1880,(anonymous_109)
FN:1885,(anonymous_110)
FN:1907,(anonymous_111)
FN:1912,(anonymous_112)
FN:1913,(anonymous_113)
FN:1919,(anonymous_114)
FN:1920,(anonymous_115)
FN:1922,(anonymous_116)
FN:1923,(anonymous_117)
FN:1925,(anonymous_118)
FN:1928,(anonymous_119)
FN:1929,(anonymous_120)
FN:1932,(anonymous_121)
FN:1936,(anonymous_122)
FN:1946,(anonymous_123)
FN:1947,(anonymous_124)
FN:1948,(anonymous_125)
FN:1952,(anonymous_126)
FN:1978,(anonymous_127)
FN:1982,(anonymous_128)
FN:1993,(anonymous_129)
FN:1997,(anonymous_130)
FN:2008,(anonymous_131)
FN:2012,(anonymous_132)
FN:2019,(anonymous_133)
FN:2021,(anonymous_134)
FN:2036,(anonymous_135)
FN:2038,(anonymous_136)
FN:2106,(anonymous_137)
FN:2108,(anonymous_138)
FN:2146,(anonymous_139)
FN:2155,(anonymous_140)
FN:2156,(anonymous_141)
FN:2172,(anonymous_142)
FN:2178,(anonymous_143)
FN:2218,(anonymous_144)
FN:2224,(anonymous_145)
FN:2236,(anonymous_146)
FN:2244,(anonymous_147)
FN:2258,(anonymous_148)
FN:2260,(anonymous_149)
FN:2269,(anonymous_150)
FN:2279,(anonymous_151)
FN:2285,(anonymous_152)
FN:2290,(anonymous_153)
FN:2300,(anonymous_154)
FN:2302,(anonymous_155)
FN:2312,(anonymous_156)
FN:2330,(anonymous_157)
FN:2334,(anonymous_158)
FN:2344,(anonymous_159)
FN:2345,(anonymous_160)
FN:2349,(anonymous_161)
FN:2387,(anonymous_162)
FN:2425,(anonymous_163)
FN:2433,(anonymous_164)
FN:2480,(anonymous_165)
FN:2489,(anonymous_166)
FN:2497,(anonymous_167)
FN:2568,(anonymous_168)
FN:2601,(anonymous_169)
FN:2615,(anonymous_170)
FN:2662,(anonymous_171)
FN:2693,(anonymous_172)
FN:2696,(anonymous_173)
FN:2717,(anonymous_174)
FN:2738,(anonymous_175)
FN:2739,(anonymous_176)
FN:2757,(anonymous_177)
FN:2765,(anonymous_178)
FN:2983,(anonymous_179)
FN:3008,(anonymous_180)
FN:3047,(anonymous_181)
FN:3079,(anonymous_182)
FN:3126,(anonymous_183)
FN:3167,(anonymous_184)
FN:3171,(anonymous_185)
FN:3180,(anonymous_186)
FN:3196,gaussianRandom
FN:3278,(anonymous_188)
FN:3336,(anonymous_189)
FN:3376,(anonymous_190)
FN:3415,(anonymous_191)
FN:3427,(anonymous_192)
FN:3498,(anonymous_193)
FN:3509,(anonymous_194)
FN:3528,(anonymous_195)
FN:3547,(anonymous_196)
FN:3550,(anonymous_197)
FN:3551,(anonymous_198)
FN:3559,(anonymous_199)
FN:3564,(anonymous_200)
FN:3565,(anonymous_201)
FN:3596,(anonymous_202)
FN:3646,(anonymous_203)
FN:3704,(anonymous_204)
FN:3709,(anonymous_205)
FN:3735,(anonymous_206)
FN:3737,(anonymous_207)
FN:3738,(anonymous_208)
FN:3746,(anonymous_209)
FN:3761,(anonymous_210)
FN:3805,(anonymous_211)
FN:3809,(anonymous_212)
FN:3813,(anonymous_213)
FN:3816,(anonymous_214)
FN:3817,(anonymous_215)
FN:3821,(anonymous_216)
FN:3864,(anonymous_217)
FN:3876,(anonymous_218)
FN:3883,(anonymous_219)
FN:3887,(anonymous_220)
FN:3901,(anonymous_221)
FN:3907,(anonymous_222)
FN:3907,(anonymous_223)
FN:3912,(anonymous_224)
FN:3914,(anonymous_225)
FN:3920,(anonymous_226)
FN:3922,(anonymous_227)
FN:3929,(anonymous_228)
FN:3933,(anonymous_229)
FN:3943,(anonymous_230)
FN:3960,(anonymous_231)
FN:3983,(anonymous_232)
FN:3994,(anonymous_233)
FN:3998,(anonymous_234)
FN:4002,(anonymous_235)
FN:4006,(anonymous_236)
FN:4012,(anonymous_237)
FN:4019,(anonymous_238)
FN:4020,(anonymous_239)
FN:4026,(anonymous_240)
FN:4033,(anonymous_241)
FN:4034,(anonymous_242)
FN:4041,(anonymous_243)
FN:4048,(anonymous_244)
FN:4049,(anonymous_245)
FN:4056,(anonymous_246)
FN:4057,(anonymous_247)
FN:4064,(anonymous_248)
FN:4068,(anonymous_249)
FN:4072,(anonymous_250)
FN:4076,(anonymous_251)
FN:4080,(anonymous_252)
FN:4086,(anonymous_253)
FN:4090,(anonymous_254)
FN:4094,(anonymous_255)
FN:4099,(anonymous_256)
FN:4104,(anonymous_257)
FN:4109,(anonymous_258)
FN:4114,(anonymous_259)
FN:4119,(anonymous_260)
FN:4124,(anonymous_261)
FN:4125,(anonymous_262)
FN:4129,(anonymous_263)
FN:4130,(anonymous_264)
FN:4134,(anonymous_265)
FN:4139,(anonymous_266)
FN:4146,(anonymous_267)
FN:4152,(anonymous_268)
FN:4158,(anonymous_269)
FN:4166,(anonymous_270)
FN:4172,(anonymous_271)
FN:4177,(anonymous_272)
FN:4182,(anonymous_273)
FN:4190,(anonymous_274)
FN:4198,(anonymous_275)
FN:4204,(anonymous_276)
FN:4210,(anonymous_277)
FN:4216,(anonymous_278)
FN:4224,(anonymous_279)
FN:4229,(anonymous_280)
FN:4235,(anonymous_281)
FN:4247,(anonymous_282)
FN:4259,(anonymous_283)
FN:4264,(anonymous_284)
FN:4269,(anonymous_285)
FN:4273,(anonymous_286)
FN:4277,(anonymous_287)
FN:4281,(anonymous_288)
FN:4285,(anonymous_289)
FN:4289,(anonymous_290)
FN:4293,(anonymous_291)
FN:4294,(anonymous_292)
FN:4299,(anonymous_293)
FN:4303,(anonymous_294)
FN:4304,(anonymous_295)
FN:4308,(anonymous_296)
FN:4313,(anonymous_297)
FN:4337,(anonymous_298)
FN:4362,(anonymous_299)
FN:4375,(anonymous_300)
FN:4384,(anonymous_301)
FN:4429,(anonymous_302)
FN:4434,(anonymous_303)
FN:4440,(anonymous_304)
FN:4450,(anonymous_305)
FN:4500,(anonymous_306)
FN:4530,uvBoundsToSrcRect
FN:4560,drawHexagon
FN:4786,isPointInHexagon
FN:4816,generatePixelScreen
FN:4937,initializeInfectionSystem
FN:4961,(anonymous_313)
FN:4967,(anonymous_314)
FN:4980,gaussianRandom
FN:5073,evolveInfectionSystem
FN:5109,(anonymous_317)
FN:5110,(anonymous_318)
FN:5382,(anonymous_319)
FN:5479,(anonymous_320)
FN:5646,(anonymous_321)
FN:5694,inferGridDimensions
FN:5717,getNeighbors
FN:5748,(anonymous_324)
FN:5808,calculateUvBoundsFromGridPosition
FN:5823,optimizeImageArrangements
FN:5850,(anonymous_327)
FN:5902,(anonymous_328)
FN:6039,findConnectedComponents
FN:6078,calculatePhotoContiguity
FN:6111,calculateSwappedContiguity
FN:6132,calculateClusterQuality
FN:6144,(anonymous_333)
FN:6145,(anonymous_334)
FN:6146,(anonymous_335)
FN:6147,(anonymous_336)
FN:6148,(anonymous_337)
FN:6163,calculateContiguityScore
FN:6194,updateConnectedComponentGridPositions
FN:6376,(anonymous_340)
FNF:329
FNH:15
FNDA:0,(anonymous_11)
FNDA:0,getProxiedImageUrl
FNDA:0,(anonymous_13)
FNDA:0,(anonymous_14)
FNDA:0,(anonymous_15)
FNDA:0,(anonymous_16)
FNDA:0,(anonymous_17)
FNDA:0,(anonymous_18)
FNDA:100,(anonymous_19)
FNDA:100,(anonymous_20)
FNDA:0,(anonymous_21)
FNDA:0,(anonymous_22)
FNDA:0,(anonymous_23)
FNDA:0,(anonymous_24)
FNDA:100,(anonymous_25)
FNDA:0,(anonymous_26)
FNDA:0,(anonymous_27)
FNDA:0,(anonymous_28)
FNDA:0,(anonymous_29)
FNDA:100,(anonymous_30)
FNDA:0,(anonymous_31)
FNDA:0,(anonymous_32)
FNDA:0,(anonymous_33)
FNDA:100,(anonymous_34)
FNDA:100,(anonymous_35)
FNDA:100,(anonymous_36)
FNDA:0,(anonymous_37)
FNDA:100,(anonymous_38)
FNDA:100,(anonymous_39)
FNDA:0,(anonymous_40)
FNDA:0,(anonymous_41)
FNDA:0,(anonymous_42)
FNDA:0,(anonymous_43)
FNDA:0,(anonymous_44)
FNDA:0,(anonymous_45)
FNDA:0,(anonymous_46)
FNDA:0,(anonymous_47)
FNDA:0,(anonymous_48)
FNDA:0,(anonymous_49)
FNDA:0,(anonymous_50)
FNDA:0,(anonymous_51)
FNDA:0,(anonymous_52)
FNDA:0,(anonymous_53)
FNDA:0,(anonymous_54)
FNDA:0,(anonymous_55)
FNDA:0,(anonymous_56)
FNDA:0,(anonymous_57)
FNDA:0,(anonymous_58)
FNDA:0,(anonymous_59)
FNDA:0,(anonymous_60)
FNDA:0,(anonymous_61)
FNDA:0,(anonymous_62)
FNDA:0,(anonymous_63)
FNDA:0,(anonymous_64)
FNDA:0,(anonymous_65)
FNDA:0,(anonymous_66)
FNDA:0,(anonymous_67)
FNDA:0,(anonymous_68)
FNDA:0,(anonymous_69)
FNDA:0,(anonymous_70)
FNDA:0,(anonymous_71)
FNDA:0,(anonymous_72)
FNDA:0,(anonymous_73)
FNDA:0,(anonymous_74)
FNDA:0,(anonymous_75)
FNDA:100,(anonymous_76)
FNDA:100,(anonymous_77)
FNDA:100,(anonymous_78)
FNDA:100,(anonymous_79)
FNDA:0,(anonymous_80)
FNDA:0,(anonymous_81)
FNDA:0,(anonymous_82)
FNDA:0,(anonymous_83)
FNDA:0,(anonymous_84)
FNDA:100,(anonymous_85)
FNDA:0,(anonymous_86)
FNDA:0,(anonymous_87)
FNDA:0,(anonymous_88)
FNDA:0,(anonymous_89)
FNDA:100,(anonymous_90)
FNDA:0,(anonymous_91)
FNDA:0,(anonymous_92)
FNDA:0,(anonymous_93)
FNDA:0,(anonymous_94)
FNDA:0,(anonymous_95)
FNDA:0,(anonymous_96)
FNDA:0,(anonymous_97)
FNDA:0,(anonymous_98)
FNDA:0,(anonymous_99)
FNDA:0,(anonymous_100)
FNDA:0,onKey
FNDA:0,(anonymous_102)
FNDA:0,(anonymous_103)
FNDA:0,(anonymous_104)
FNDA:0,(anonymous_105)
FNDA:0,(anonymous_106)
FNDA:0,(anonymous_107)
FNDA:0,(anonymous_108)
FNDA:0,(anonymous_109)
FNDA:0,(anonymous_110)
FNDA:0,(anonymous_111)
FNDA:0,(anonymous_112)
FNDA:0,(anonymous_113)
FNDA:0,(anonymous_114)
FNDA:0,(anonymous_115)
FNDA:0,(anonymous_116)
FNDA:0,(anonymous_117)
FNDA:0,(anonymous_118)
FNDA:0,(anonymous_119)
FNDA:0,(anonymous_120)
FNDA:0,(anonymous_121)
FNDA:0,(anonymous_122)
FNDA:0,(anonymous_123)
FNDA:0,(anonymous_124)
FNDA:0,(anonymous_125)
FNDA:0,(anonymous_126)
FNDA:0,(anonymous_127)
FNDA:0,(anonymous_128)
FNDA:0,(anonymous_129)
FNDA:0,(anonymous_130)
FNDA:0,(anonymous_131)
FNDA:0,(anonymous_132)
FNDA:0,(anonymous_133)
FNDA:0,(anonymous_134)
FNDA:0,(anonymous_135)
FNDA:0,(anonymous_136)
FNDA:0,(anonymous_137)
FNDA:0,(anonymous_138)
FNDA:0,(anonymous_139)
FNDA:0,(anonymous_140)
FNDA:0,(anonymous_141)
FNDA:0,(anonymous_142)
FNDA:0,(anonymous_143)
FNDA:0,(anonymous_144)
FNDA:0,(anonymous_145)
FNDA:0,(anonymous_146)
FNDA:0,(anonymous_147)
FNDA:0,(anonymous_148)
FNDA:0,(anonymous_149)
FNDA:0,(anonymous_150)
FNDA:0,(anonymous_151)
FNDA:0,(anonymous_152)
FNDA:0,(anonymous_153)
FNDA:0,(anonymous_154)
FNDA:0,(anonymous_155)
FNDA:0,(anonymous_156)
FNDA:0,(anonymous_157)
FNDA:0,(anonymous_158)
FNDA:0,(anonymous_159)
FNDA:0,(anonymous_160)
FNDA:0,(anonymous_161)
FNDA:0,(anonymous_162)
FNDA:0,(anonymous_163)
FNDA:0,(anonymous_164)
FNDA:0,(anonymous_165)
FNDA:0,(anonymous_166)
FNDA:0,(anonymous_167)
FNDA:0,(anonymous_168)
FNDA:0,(anonymous_169)
FNDA:0,(anonymous_170)
FNDA:0,(anonymous_171)
FNDA:0,(anonymous_172)
FNDA:0,(anonymous_173)
FNDA:0,(anonymous_174)
FNDA:0,(anonymous_175)
FNDA:0,(anonymous_176)
FNDA:0,(anonymous_177)
FNDA:0,(anonymous_178)
FNDA:0,(anonymous_179)
FNDA:0,(anonymous_180)
FNDA:0,(anonymous_181)
FNDA:0,(anonymous_182)
FNDA:0,(anonymous_183)
FNDA:0,(anonymous_184)
FNDA:0,(anonymous_185)
FNDA:0,(anonymous_186)
FNDA:0,gaussianRandom
FNDA:0,(anonymous_188)
FNDA:0,(anonymous_189)
FNDA:0,(anonymous_190)
FNDA:0,(anonymous_191)
FNDA:0,(anonymous_192)
FNDA:0,(anonymous_193)
FNDA:0,(anonymous_194)
FNDA:0,(anonymous_195)
FNDA:0,(anonymous_196)
FNDA:0,(anonymous_197)
FNDA:0,(anonymous_198)
FNDA:0,(anonymous_199)
FNDA:0,(anonymous_200)
FNDA:0,(anonymous_201)
FNDA:0,(anonymous_202)
FNDA:0,(anonymous_203)
FNDA:0,(anonymous_204)
FNDA:0,(anonymous_205)
FNDA:0,(anonymous_206)
FNDA:0,(anonymous_207)
FNDA:0,(anonymous_208)
FNDA:0,(anonymous_209)
FNDA:0,(anonymous_210)
FNDA:0,(anonymous_211)
FNDA:0,(anonymous_212)
FNDA:0,(anonymous_213)
FNDA:0,(anonymous_214)
FNDA:0,(anonymous_215)
FNDA:0,(anonymous_216)
FNDA:0,(anonymous_217)
FNDA:0,(anonymous_218)
FNDA:0,(anonymous_219)
FNDA:0,(anonymous_220)
FNDA:0,(anonymous_221)
FNDA:0,(anonymous_222)
FNDA:0,(anonymous_223)
FNDA:0,(anonymous_224)
FNDA:0,(anonymous_225)
FNDA:0,(anonymous_226)
FNDA:0,(anonymous_227)
FNDA:0,(anonymous_228)
FNDA:0,(anonymous_229)
FNDA:0,(anonymous_230)
FNDA:0,(anonymous_231)
FNDA:0,(anonymous_232)
FNDA:0,(anonymous_233)
FNDA:0,(anonymous_234)
FNDA:0,(anonymous_235)
FNDA:0,(anonymous_236)
FNDA:0,(anonymous_237)
FNDA:0,(anonymous_238)
FNDA:0,(anonymous_239)
FNDA:0,(anonymous_240)
FNDA:0,(anonymous_241)
FNDA:0,(anonymous_242)
FNDA:0,(anonymous_243)
FNDA:0,(anonymous_244)
FNDA:0,(anonymous_245)
FNDA:0,(anonymous_246)
FNDA:0,(anonymous_247)
FNDA:0,(anonymous_248)
FNDA:0,(anonymous_249)
FNDA:0,(anonymous_250)
FNDA:0,(anonymous_251)
FNDA:0,(anonymous_252)
FNDA:0,(anonymous_253)
FNDA:0,(anonymous_254)
FNDA:0,(anonymous_255)
FNDA:0,(anonymous_256)
FNDA:0,(anonymous_257)
FNDA:0,(anonymous_258)
FNDA:0,(anonymous_259)
FNDA:0,(anonymous_260)
FNDA:0,(anonymous_261)
FNDA:0,(anonymous_262)
FNDA:0,(anonymous_263)
FNDA:0,(anonymous_264)
FNDA:0,(anonymous_265)
FNDA:0,(anonymous_266)
FNDA:0,(anonymous_267)
FNDA:0,(anonymous_268)
FNDA:0,(anonymous_269)
FNDA:0,(anonymous_270)
FNDA:0,(anonymous_271)
FNDA:0,(anonymous_272)
FNDA:0,(anonymous_273)
FNDA:0,(anonymous_274)
FNDA:0,(anonymous_275)
FNDA:0,(anonymous_276)
FNDA:0,(anonymous_277)
FNDA:0,(anonymous_278)
FNDA:0,(anonymous_279)
FNDA:0,(anonymous_280)
FNDA:0,(anonymous_281)
FNDA:0,(anonymous_282)
FNDA:0,(anonymous_283)
FNDA:0,(anonymous_284)
FNDA:0,(anonymous_285)
FNDA:0,(anonymous_286)
FNDA:0,(anonymous_287)
FNDA:0,(anonymous_288)
FNDA:0,(anonymous_289)
FNDA:0,(anonymous_290)
FNDA:0,(anonymous_291)
FNDA:0,(anonymous_292)
FNDA:0,(anonymous_293)
FNDA:0,(anonymous_294)
FNDA:0,(anonymous_295)
FNDA:0,(anonymous_296)
FNDA:0,(anonymous_297)
FNDA:0,(anonymous_298)
FNDA:0,(anonymous_299)
FNDA:0,(anonymous_300)
FNDA:0,(anonymous_301)
FNDA:0,(anonymous_302)
FNDA:0,(anonymous_303)
FNDA:0,(anonymous_304)
FNDA:0,(anonymous_305)
FNDA:0,(anonymous_306)
FNDA:0,uvBoundsToSrcRect
FNDA:0,drawHexagon
FNDA:0,isPointInHexagon
FNDA:0,generatePixelScreen
FNDA:0,initializeInfectionSystem
FNDA:0,(anonymous_313)
FNDA:0,(anonymous_314)
FNDA:0,gaussianRandom
FNDA:0,evolveInfectionSystem
FNDA:0,(anonymous_317)
FNDA:0,(anonymous_318)
FNDA:0,(anonymous_319)
FNDA:0,(anonymous_320)
FNDA:0,(anonymous_321)
FNDA:0,inferGridDimensions
FNDA:0,getNeighbors
FNDA:0,(anonymous_324)
FNDA:0,calculateUvBoundsFromGridPosition
FNDA:0,optimizeImageArrangements
FNDA:0,(anonymous_327)
FNDA:0,(anonymous_328)
FNDA:0,findConnectedComponents
FNDA:0,calculatePhotoContiguity
FNDA:0,calculateSwappedContiguity
FNDA:0,calculateClusterQuality
FNDA:0,(anonymous_333)
FNDA:0,(anonymous_334)
FNDA:0,(anonymous_335)
FNDA:0,(anonymous_336)
FNDA:0,(anonymous_337)
FNDA:0,calculateContiguityScore
FNDA:0,updateConnectedComponentGridPositions
FNDA:0,(anonymous_340)
DA:1,5
DA:4,5
DA:5,5
DA:6,5
DA:7,5
DA:8,5
DA:9,5
DA:10,5
DA:11,5
DA:15,5
DA:19,5
DA:20,5
DA:29,0
DA:30,0
DA:32,0
DA:160,5
DA:161,0
DA:162,0
DA:163,0
DA:164,0
DA:165,0
DA:166,0
DA:167,0
DA:168,0
DA:175,0
DA:178,0
DA:179,0
DA:180,0
DA:181,0
DA:184,0
DA:185,0
DA:186,0
DA:187,0
DA:190,0
DA:191,0
DA:192,0
DA:193,0
DA:195,0
DA:199,0
DA:221,0
DA:222,0
DA:223,0
DA:224,0
DA:267,5
DA:268,100
DA:269,100
DA:270,100
DA:272,100
DA:273,100
DA:275,100
DA:277,100
DA:279,100
DA:280,100
DA:281,100
DA:283,100
DA:285,100
DA:288,100
DA:290,100
DA:291,100
DA:293,0
DA:297,100
DA:298,0
DA:300,0
DA:301,0
DA:305,0
DA:308,0
DA:309,0
DA:310,0
DA:311,0
DA:315,0
DA:317,0
DA:318,0
DA:319,0
DA:324,100
DA:325,100
DA:327,100
DA:334,100
DA:342,100
DA:345,100
DA:346,100
DA:347,100
DA:348,100
DA:354,100
DA:355,0
DA:356,0
DA:357,0
DA:360,0
DA:364,100
DA:365,0
DA:366,0
DA:368,0
DA:369,0
DA:370,0
DA:371,0
DA:374,0
DA:377,0
DA:378,0
DA:383,100
DA:384,100
DA:463,100
DA:464,100
DA:465,100
DA:466,100
DA:467,0
DA:468,0
DA:470,0
DA:474,100
DA:475,100
DA:477,0
DA:494,100
DA:503,100
DA:504,0
DA:505,0
DA:506,0
DA:507,0
DA:509,0
DA:510,0
DA:511,0
DA:512,0
DA:513,0
DA:514,0
DA:520,0
DA:521,0
DA:522,0
DA:524,0
DA:525,0
DA:526,0
DA:533,0
DA:534,0
DA:535,0
DA:537,0
DA:548,100
DA:549,100
DA:550,100
DA:551,100
DA:552,100
DA:554,100
DA:555,100
DA:556,100
DA:557,100
DA:558,100
DA:561,0
DA:564,100
DA:566,100
DA:569,100
DA:570,100
DA:571,100
DA:574,100
DA:578,100
DA:579,100
DA:582,100
DA:583,100
DA:584,100
DA:585,100
DA:586,100
DA:589,0
DA:593,100
DA:594,100
DA:595,100
DA:596,100
DA:597,100
DA:600,0
DA:603,100
DA:604,100
DA:605,100
DA:608,100
DA:609,0
DA:610,0
DA:611,0
DA:612,0
DA:613,0
DA:614,0
DA:615,0
DA:616,0
DA:619,100
DA:620,100
DA:621,100
DA:622,100
DA:623,100
DA:626,0
DA:628,100
DA:629,100
DA:630,100
DA:631,100
DA:632,100
DA:635,0
DA:639,100
DA:640,100
DA:641,100
DA:642,100
DA:646,100
DA:653,100
DA:654,100
DA:656,100
DA:657,0
DA:658,0
DA:659,0
DA:660,0
DA:661,0
DA:662,0
DA:663,0
DA:664,0
DA:665,0
DA:666,0
DA:668,0
DA:672,100
DA:674,100
DA:675,100
DA:677,100
DA:678,0
DA:679,0
DA:680,0
DA:681,0
DA:682,0
DA:688,100
DA:690,0
DA:692,0
DA:694,0
DA:696,0
DA:699,100
DA:702,0
DA:703,0
DA:704,0
DA:707,0
DA:709,0
DA:710,0
DA:711,0
DA:713,0
DA:714,0
DA:715,0
DA:717,0
DA:719,0
DA:723,100
DA:724,0
DA:725,0
DA:727,0
DA:728,0
DA:730,0
DA:731,0
DA:732,0
DA:739,0
DA:740,0
DA:741,0
DA:744,0
DA:745,0
DA:746,0
DA:747,0
DA:748,0
DA:749,0
DA:751,0
DA:752,0
DA:754,0
DA:756,0
DA:757,0
DA:759,0
DA:761,0
DA:766,0
DA:769,0
DA:770,0
DA:776,100
DA:777,0
DA:778,0
DA:779,0
DA:780,0
DA:781,0
DA:782,0
DA:783,0
DA:786,0
DA:787,0
DA:788,0
DA:790,0
DA:792,0
DA:793,0
DA:794,0
DA:796,0
DA:797,0
DA:800,0
DA:804,0
DA:805,0
DA:811,0
DA:812,0
DA:813,0
DA:814,0
DA:819,0
DA:822,0
DA:823,0
DA:826,0
DA:831,0
DA:832,0
DA:834,0
DA:835,0
DA:836,0
DA:838,0
DA:841,0
DA:849,100
DA:850,0
DA:851,0
DA:852,0
DA:855,0
DA:857,0
DA:858,0
DA:860,0
DA:861,0
DA:866,0
DA:867,0
DA:868,0
DA:878,100
DA:879,0
DA:880,0
DA:882,0
DA:884,0
DA:885,0
DA:886,0
DA:888,0
DA:889,0
DA:892,0
DA:894,0
DA:896,0
DA:898,0
DA:899,0
DA:902,0
DA:905,0
DA:907,0
DA:908,0
DA:917,100
DA:918,0
DA:919,0
DA:920,0
DA:921,0
DA:922,0
DA:924,0
DA:925,0
DA:926,0
DA:936,100
DA:937,100
DA:941,100
DA:942,100
DA:943,0
DA:944,0
DA:945,0
DA:946,0
DA:947,0
DA:948,0
DA:956,100
DA:957,0
DA:958,0
DA:960,0
DA:968,100
DA:970,0
DA:971,0
DA:972,0
DA:973,0
DA:974,0
DA:975,0
DA:976,0
DA:978,0
DA:980,0
DA:981,0
DA:982,0
DA:983,0
DA:988,0
DA:989,0
DA:990,0
DA:991,0
DA:993,0
DA:997,0
DA:999,0
DA:1000,0
DA:1003,0
DA:1004,0
DA:1005,0
DA:1007,0
DA:1008,0
DA:1009,0
DA:1010,0
DA:1011,0
DA:1012,0
DA:1014,0
DA:1015,0
DA:1021,0
DA:1022,0
DA:1023,0
DA:1025,0
DA:1026,0
DA:1033,0
DA:1034,0
DA:1035,0
DA:1039,0
DA:1040,0
DA:1042,0
DA:1048,100
DA:1049,0
DA:1050,0
DA:1051,0
DA:1058,100
DA:1059,100
DA:1060,0
DA:1063,0
DA:1064,0
DA:1067,0
DA:1068,0
DA:1070,0
DA:1071,0
DA:1077,0
DA:1081,0
DA:1082,0
DA:1083,0
DA:1090,100
DA:1091,100
DA:1092,0
DA:1094,0
DA:1096,0
DA:1097,0
DA:1098,0
DA:1099,0
DA:1100,0
DA:1101,0
DA:1103,0
DA:1104,0
DA:1108,0
DA:1112,0
DA:1116,100
DA:1119,100
DA:1120,100
DA:1121,100
DA:1123,100
DA:1124,100
DA:1128,100
DA:1132,100
DA:1133,100
DA:1134,100
DA:1136,100
DA:1137,100
DA:1139,100
DA:1142,0
DA:1145,100
DA:1146,100
DA:1148,100
DA:1151,0
DA:1156,100
DA:1160,100
DA:1161,100
DA:1163,100
DA:1164,100
DA:1165,100
DA:1168,100
DA:1175,100
DA:1176,100
DA:1177,100
DA:1178,100
DA:1180,100
DA:1182,100
DA:1183,100
DA:1192,100
DA:1193,100
DA:1196,0
DA:1197,0
DA:1203,100
DA:1204,0
DA:1206,0
DA:1207,0
DA:1209,0
DA:1229,0
DA:1230,0
DA:1231,0
DA:1232,0
DA:1233,0
DA:1237,0
DA:1238,0
DA:1245,0
DA:1246,0
DA:1247,0
DA:1248,0
DA:1249,0
DA:1252,0
DA:1256,0
DA:1266,0
DA:1268,0
DA:1269,0
DA:1277,100
DA:1278,100
DA:1279,0
DA:1280,0
DA:1281,0
DA:1284,0
DA:1285,0
DA:1286,0
DA:1287,0
DA:1288,0
DA:1290,0
DA:1292,0
DA:1317,100
DA:1318,100
DA:1319,0
DA:1320,0
DA:1322,0
DA:1323,0
DA:1324,0
DA:1325,0
DA:1326,0
DA:1329,0
DA:1330,0
DA:1331,0
DA:1337,0
DA:1339,0
DA:1341,0
DA:1345,100
DA:1346,100
DA:1347,100
DA:1348,100
DA:1349,302600
DA:1350,302600
DA:1351,302600
DA:1352,302600
DA:1354,100
DA:1359,100
DA:1360,0
DA:1361,0
DA:1362,0
DA:1363,0
DA:1365,0
DA:1366,0
DA:1369,0
DA:1370,0
DA:1371,0
DA:1372,0
DA:1374,0
DA:1375,0
DA:1378,0
DA:1380,0
DA:1382,0
DA:1386,0
DA:1387,0
DA:1389,0
DA:1391,0
DA:1392,0
DA:1393,0
DA:1394,0
DA:1396,0
DA:1397,0
DA:1398,0
DA:1401,0
DA:1402,0
DA:1403,0
DA:1404,0
DA:1408,0
DA:1409,0
DA:1411,0
DA:1412,0
DA:1416,0
DA:1417,0
DA:1418,0
DA:1421,0
DA:1424,0
DA:1425,0
DA:1426,0
DA:1427,0
DA:1430,0
DA:1431,0
DA:1432,0
DA:1433,0
DA:1436,0
DA:1437,0
DA:1438,0
DA:1443,0
DA:1446,0
DA:1448,0
DA:1449,0
DA:1450,0
DA:1451,0
DA:1452,0
DA:1454,0
DA:1459,0
DA:1460,0
DA:1461,0
DA:1462,0
DA:1463,0
DA:1464,0
DA:1466,0
DA:1467,0
DA:1469,0
DA:1472,0
DA:1474,0
DA:1477,0
DA:1486,0
DA:1487,0
DA:1488,0
DA:1489,0
DA:1490,0
DA:1491,0
DA:1493,0
DA:1497,0
DA:1498,0
DA:1500,0
DA:1502,0
DA:1505,0
DA:1509,0
DA:1515,0
DA:1516,0
DA:1518,0
DA:1519,0
DA:1520,0
DA:1521,0
DA:1522,0
DA:1524,0
DA:1525,0
DA:1526,0
DA:1527,0
DA:1528,0
DA:1529,0
DA:1530,0
DA:1531,0
DA:1532,0
DA:1534,0
DA:1535,0
DA:1536,0
DA:1537,0
DA:1538,0
DA:1539,0
DA:1542,0
DA:1544,0
DA:1545,0
DA:1546,0
DA:1547,0
DA:1549,0
DA:1550,0
DA:1552,0
DA:1553,0
DA:1554,0
DA:1555,0
DA:1559,0
DA:1560,0
DA:1561,0
DA:1562,0
DA:1563,0
DA:1564,0
DA:1566,0
DA:1569,0
DA:1570,0
DA:1571,0
DA:1572,0
DA:1574,0
DA:1583,0
DA:1584,0
DA:1587,0
DA:1590,0
DA:1591,0
DA:1592,0
DA:1595,0
DA:1596,0
DA:1599,0
DA:1600,0
DA:1601,0
DA:1602,0
DA:1603,0
DA:1604,0
DA:1606,0
DA:1607,0
DA:1608,0
DA:1609,0
DA:1610,0
DA:1613,0
DA:1614,0
DA:1615,0
DA:1616,0
DA:1617,0
DA:1618,0
DA:1620,0
DA:1621,0
DA:1622,0
DA:1623,0
DA:1624,0
DA:1627,0
DA:1628,0
DA:1631,0
DA:1632,0
DA:1635,0
DA:1636,0
DA:1638,0
DA:1642,0
DA:1645,0
DA:1646,0
DA:1649,0
DA:1650,0
DA:1654,0
DA:1655,0
DA:1656,0
DA:1657,0
DA:1659,0
DA:1663,0
DA:1664,0
DA:1665,0
DA:1666,0
DA:1671,0
DA:1672,0
DA:1673,0
DA:1674,0
DA:1675,0
DA:1678,0
DA:1681,0
DA:1682,0
DA:1683,0
DA:1684,0
DA:1685,0
DA:1686,0
DA:1687,0
DA:1688,0
DA:1690,0
DA:1691,0
DA:1692,0
DA:1693,0
DA:1694,0
DA:1697,0
DA:1698,0
DA:1699,0
DA:1700,0
DA:1701,0
DA:1703,0
DA:1705,0
DA:1706,0
DA:1710,0
DA:1711,0
DA:1718,100
DA:1719,100
DA:1721,0
DA:1722,0
DA:1723,0
DA:1725,0
DA:1726,0
DA:1727,0
DA:1728,0
DA:1729,0
DA:1730,0
DA:1732,0
DA:1733,0
DA:1734,0
DA:1735,0
DA:1738,0
DA:1740,0
DA:1743,0
DA:1748,100
DA:1749,100
DA:1751,100
DA:1752,100
DA:1753,100
DA:1754,100
DA:1755,100
DA:1758,0
DA:1760,100
DA:1761,100
DA:1763,100
DA:1764,100
DA:1766,100
DA:1767,100
DA:1768,100
DA:1770,100
DA:1771,100
DA:1773,100
DA:1774,100
DA:1779,100
DA:1780,0
DA:1781,0
DA:1782,0
DA:1783,0
DA:1791,100
DA:1792,0
DA:1793,0
DA:1794,0
DA:1795,0
DA:1803,100
DA:1804,0
DA:1805,0
DA:1806,0
DA:1807,0
DA:1815,100
DA:1816,0
DA:1817,0
DA:1818,0
DA:1824,100
DA:1826,0
DA:1827,0
DA:1828,0
DA:1834,100
DA:1835,0
DA:1836,0
DA:1841,100
DA:1845,100
DA:1847,0
DA:1848,0
DA:1849,0
DA:1850,0
DA:1853,0
DA:1854,0
DA:1858,0
DA:1860,0
DA:1861,0
DA:1862,0
DA:1863,0
DA:1864,0
DA:1865,0
DA:1866,0
DA:1867,0
DA:1872,100
DA:1875,100
DA:1876,0
DA:1877,0
DA:1878,0
DA:1880,0
DA:1881,0
DA:1882,0
DA:1883,0
DA:1884,0
DA:1885,0
DA:1887,0
DA:1888,0
DA:1889,0
DA:1890,0
DA:1896,0
DA:1900,0
DA:1901,0
DA:1904,0
DA:1907,100
DA:1908,0
DA:1912,100
DA:1913,0
DA:1914,0
DA:1919,100
DA:1920,0
DA:1922,0
DA:1923,0
DA:1925,0
DA:1928,100
DA:1929,0
DA:1930,0
DA:1932,0
DA:1936,100
DA:1937,0
DA:1938,0
DA:1939,0
DA:1940,0
DA:1946,100
DA:1947,100
DA:1948,100
DA:1951,100
DA:1952,100
DA:1953,0
DA:1957,100
DA:1960,100
DA:1963,100
DA:1966,100
DA:1967,100
DA:1968,100
DA:1970,100
DA:1972,100
DA:1973,100
DA:1974,100
DA:1976,100
DA:1978,100
DA:1979,0
DA:1980,0
DA:1981,0
DA:1982,0
DA:1983,0
DA:1985,0
DA:1986,0
DA:1987,0
DA:1988,0
DA:1989,0
DA:1991,0
DA:1992,0
DA:1993,0
DA:1994,0
DA:1996,0
DA:1997,0
DA:1998,0
DA:1999,0
DA:2000,0
DA:2001,0
DA:2002,0
DA:2005,0
DA:2007,0
DA:2008,0
DA:2012,100
DA:2013,0
DA:2014,0
DA:2015,0
DA:2019,100
DA:2020,0
DA:2021,0
DA:2022,0
DA:2023,0
DA:2024,0
DA:2026,0
DA:2027,0
DA:2028,0
DA:2030,0
DA:2031,0
DA:2032,0
DA:2033,0
DA:2034,0
DA:2035,0
DA:2036,0
DA:2038,0
DA:2039,0
DA:2040,0
DA:2041,0
DA:2042,0
DA:2043,0
DA:2044,0
DA:2045,0
DA:2047,0
DA:2048,0
DA:2049,0
DA:2050,0
DA:2052,0
DA:2053,0
DA:2054,0
DA:2057,0
DA:2058,0
DA:2059,0
DA:2060,0
DA:2061,0
DA:2062,0
DA:2066,0
DA:2068,0
DA:2070,0
DA:2072,0
DA:2073,0
DA:2074,0
DA:2076,0
DA:2077,0
DA:2079,0
DA:2082,0
DA:2083,0
DA:2084,0
DA:2103,0
DA:2104,0
DA:2105,0
DA:2106,0
DA:2108,0
DA:2109,0
DA:2110,0
DA:2112,0
DA:2113,0
DA:2114,0
DA:2115,0
DA:2116,0
DA:2118,0
DA:2119,0
DA:2120,0
DA:2121,0
DA:2124,0
DA:2125,0
DA:2127,0
DA:2129,0
DA:2131,0
DA:2132,0
DA:2133,0
DA:2134,0
DA:2139,0
DA:2140,0
DA:2143,0
DA:2145,0
DA:2146,0
DA:2151,100
DA:2152,100
DA:2155,100
DA:2156,0
DA:2157,0
DA:2158,0
DA:2159,0
DA:2165,100
DA:2166,100
DA:2167,100
DA:2169,100
DA:2172,100
DA:2173,0
DA:2174,0
DA:2178,100
DA:2179,0
DA:2183,0
DA:2184,0
DA:2186,0
DA:2190,0
DA:2191,0
DA:2192,0
DA:2195,0
DA:2196,0
DA:2197,0
DA:2200,0
DA:2201,0
DA:2202,0
DA:2203,0
DA:2204,0
DA:2205,0
DA:2206,0
DA:2207,0
DA:2208,0
DA:2211,0
DA:2215,100
DA:2218,100
DA:2219,0
DA:2220,0
DA:2221,0
DA:2224,0
DA:2225,0
DA:2226,0
DA:2229,0
DA:2231,0
DA:2232,0
DA:2233,0
DA:2236,0
DA:2238,0
DA:2241,0
DA:2242,0
DA:2244,0
DA:2245,0
DA:2246,0
DA:2249,0
DA:2250,0
DA:2251,0
DA:2253,0
DA:2257,0
DA:2258,0
DA:2260,0
DA:2261,0
DA:2262,0
DA:2265,0
DA:2266,0
DA:2267,0
DA:2270,0
DA:2271,0
DA:2272,0
DA:2275,0
DA:2279,0
DA:2280,0
DA:2282,0
DA:2283,0
DA:2285,0
DA:2287,0
DA:2288,0
DA:2290,0
DA:2291,0
DA:2292,0
DA:2293,0
DA:2295,0
DA:2298,0
DA:2300,0
DA:2302,0
DA:2303,0
DA:2304,0
DA:2307,0
DA:2308,0
DA:2309,0
DA:2310,0
DA:2313,0
DA:2314,0
DA:2315,0
DA:2316,0
DA:2323,100
DA:2330,100
DA:2331,0
DA:2334,0
DA:2338,0
DA:2339,0
DA:2343,0
DA:2344,0
DA:2345,0
DA:2348,0
DA:2349,0
DA:2352,0
DA:2354,0
DA:2356,0
DA:2357,0
DA:2358,0
DA:2359,0
DA:2363,0
DA:2370,0
DA:2371,0
DA:2373,0
DA:2375,0
DA:2376,0
DA:2383,0
DA:2384,0
DA:2387,0
DA:2391,0
DA:2392,0
DA:2397,0
DA:2398,0
DA:2399,0
DA:2400,0
DA:2402,0
DA:2404,0
DA:2405,0
DA:2413,0
DA:2414,0
DA:2417,0
DA:2419,0
DA:2425,100
DA:2426,0
DA:2427,0
DA:2428,0
DA:2431,0
DA:2433,0
DA:2453,0
DA:2454,0
DA:2455,0
DA:2458,0
DA:2468,0
DA:2469,0
DA:2470,0
DA:2473,0
DA:2474,0
DA:2480,0
DA:2481,0
DA:2482,0
DA:2489,0
DA:2490,0
DA:2491,0
DA:2493,0
DA:2494,0
DA:2495,0
DA:2497,0
DA:2498,0
DA:2500,0
DA:2501,0
DA:2503,0
DA:2504,0
DA:2505,0
DA:2506,0
DA:2507,0
DA:2508,0
DA:2509,0
DA:2512,0
DA:2513,0
DA:2514,0
DA:2518,0
DA:2519,0
DA:2520,0
DA:2525,0
DA:2526,0
DA:2527,0
DA:2531,0
DA:2533,0
DA:2535,0
DA:2538,0
DA:2539,0
DA:2540,0
DA:2541,0
DA:2543,0
DA:2548,0
DA:2549,0
DA:2550,0
DA:2552,0
DA:2553,0
DA:2554,0
DA:2556,0
DA:2567,0
DA:2568,0
DA:2572,0
DA:2573,0
DA:2574,0
DA:2576,0
DA:2580,0
DA:2581,0
DA:2582,0
DA:2583,0
DA:2585,0
DA:2589,0
DA:2593,0
DA:2594,0
DA:2598,0
DA:2601,0
DA:2602,0
DA:2603,0
DA:2604,0
DA:2607,0
DA:2608,0
DA:2609,0
DA:2615,0
DA:2616,0
DA:2617,0
DA:2622,0
DA:2623,0
DA:2629,0
DA:2635,0
DA:2639,0
DA:2640,0
DA:2643,0
DA:2644,0
DA:2645,0
DA:2646,0
DA:2649,0
DA:2651,0
DA:2652,0
DA:2655,0
DA:2657,0
DA:2659,0
DA:2660,0
DA:2662,0
DA:2663,0
DA:2665,0
DA:2666,0
DA:2667,0
DA:2668,0
DA:2669,0
DA:2672,0
DA:2673,0
DA:2674,0
DA:2675,0
DA:2676,0
DA:2677,0
DA:2678,0
DA:2679,0
DA:2680,0
DA:2684,0
DA:2691,0
DA:2692,0
DA:2693,0
DA:2695,0
DA:2696,0
DA:2697,0
DA:2699,0
DA:2700,0
DA:2701,0
DA:2705,0
DA:2706,0
DA:2708,0
DA:2709,0
DA:2710,0
DA:2714,0
DA:2717,0
DA:2718,0
DA:2719,0
DA:2720,0
DA:2721,0
DA:2722,0
DA:2723,0
DA:2724,0
DA:2725,0
DA:2726,0
DA:2729,0
DA:2736,0
DA:2737,0
DA:2738,0
DA:2739,0
DA:2742,0
DA:2743,0
DA:2745,0
DA:2747,0
DA:2748,0
DA:2752,0
DA:2753,0
DA:2757,0
DA:2758,0
DA:2759,0
DA:2765,100
DA:2766,0
DA:2767,0
DA:2768,0
DA:2770,0
DA:2771,0
DA:2774,0
DA:2775,0
DA:2778,0
DA:2779,0
DA:2780,0
DA:2782,0
DA:2784,0
DA:2785,0
DA:2786,0
DA:2787,0
DA:2788,0
DA:2789,0
DA:2791,0
DA:2795,0
DA:2796,0
DA:2797,0
DA:2802,0
DA:2803,0
DA:2804,0
DA:2805,0
DA:2806,0
DA:2807,0
DA:2808,0
DA:2809,0
DA:2810,0
DA:2811,0
DA:2812,0
DA:2813,0
DA:2814,0
DA:2815,0
DA:2816,0
DA:2817,0
DA:2818,0
DA:2820,0
DA:2821,0
DA:2824,0
DA:2825,0
DA:2828,0
DA:2829,0
DA:2831,0
DA:2833,0
DA:2837,0
DA:2839,0
DA:2842,0
DA:2843,0
DA:2844,0
DA:2845,0
DA:2846,0
DA:2847,0
DA:2849,0
DA:2850,0
DA:2853,0
DA:2854,0
DA:2855,0
DA:2856,0
DA:2857,0
DA:2858,0
DA:2862,0
DA:2863,0
DA:2864,0
DA:2865,0
DA:2866,0
DA:2871,0
DA:2872,0
DA:2874,0
DA:2876,0
DA:2881,0
DA:2882,0
DA:2886,0
DA:2887,0
DA:2888,0
DA:2889,0
DA:2890,0
DA:2891,0
DA:2892,0
DA:2896,0
DA:2897,0
DA:2904,0
DA:2905,0
DA:2907,0
DA:2908,0
DA:2909,0
DA:2910,0
DA:2911,0
DA:2913,0
DA:2914,0
DA:2916,0
DA:2917,0
DA:2918,0
DA:2920,0
DA:2921,0
DA:2923,0
DA:2925,0
DA:2928,0
DA:2930,0
DA:2932,0
DA:2933,0
DA:2960,0
DA:2961,0
DA:2962,0
DA:2963,0
DA:2964,0
DA:2965,0
DA:2966,0
DA:2967,0
DA:2968,0
DA:2969,0
DA:2970,0
DA:2971,0
DA:2972,0
DA:2973,0
DA:2974,0
DA:2976,0
DA:2982,0
DA:2983,0
DA:2984,0
DA:2986,0
DA:2987,0
DA:2988,0
DA:2989,0
DA:2990,0
DA:2991,0
DA:2992,0
DA:2993,0
DA:2994,0
DA:2995,0
DA:2996,0
DA:2997,0
DA:2998,0
DA:2999,0
DA:3001,0
DA:3007,0
DA:3008,0
DA:3009,0
DA:3011,0
DA:3012,0
DA:3013,0
DA:3014,0
DA:3015,0
DA:3016,0
DA:3017,0
DA:3019,0
DA:3020,0
DA:3021,0
DA:3022,0
DA:3024,0
DA:3025,0
DA:3026,0
DA:3027,0
DA:3028,0
DA:3029,0
DA:3032,0
DA:3038,0
DA:3039,0
DA:3040,0
DA:3041,0
DA:3042,0
DA:3047,100
DA:3049,0
DA:3054,0
DA:3055,0
DA:3056,0
DA:3057,0
DA:3058,0
DA:3059,0
DA:3061,0
DA:3062,0
DA:3063,0
DA:3064,0
DA:3065,0
DA:3066,0
DA:3067,0
DA:3068,0
DA:3069,0
DA:3070,0
DA:3071,0
DA:3072,0
DA:3073,0
DA:3076,0
DA:3079,0
DA:3081,0
DA:3082,0
DA:3084,0
DA:3087,0
DA:3088,0
DA:3090,0
DA:3091,0
DA:3092,0
DA:3093,0
DA:3094,0
DA:3095,0
DA:3096,0
DA:3101,0
DA:3102,0
DA:3105,0
DA:3107,0
DA:3108,0
DA:3110,0
DA:3113,0
DA:3114,0
DA:3115,0
DA:3117,0
DA:3118,0
DA:3126,0
DA:3146,0
DA:3147,0
DA:3148,0
DA:3149,0
DA:3152,0
DA:3154,0
DA:3155,0
DA:3157,0
DA:3158,0
DA:3160,0
DA:3163,0
DA:3166,0
DA:3167,0
DA:3171,100
DA:3172,0
DA:3175,0
DA:3176,0
DA:3177,0
DA:3180,0
DA:3181,0
DA:3182,0
DA:3185,0
DA:3186,0
DA:3187,0
DA:3191,0
DA:3194,0
DA:3197,0
DA:3198,0
DA:3199,0
DA:3200,0
DA:3203,0
DA:3204,0
DA:3205,0
DA:3207,0
DA:3208,0
DA:3211,0
DA:3214,0
DA:3215,0
DA:3216,0
DA:3218,0
DA:3219,0
DA:3220,0
DA:3225,0
DA:3226,0
DA:3227,0
DA:3228,0
DA:3229,0
DA:3233,0
DA:3234,0
DA:3235,0
DA:3238,0
DA:3239,0
DA:3240,0
DA:3245,0
DA:3247,0
DA:3248,0
DA:3249,0
DA:3252,0
DA:3266,0
DA:3268,0
DA:3278,100
DA:3280,0
DA:3281,0
DA:3283,0
DA:3284,0
DA:3286,0
DA:3288,0
DA:3289,0
DA:3290,0
DA:3291,0
DA:3296,0
DA:3299,0
DA:3301,0
DA:3303,0
DA:3304,0
DA:3305,0
DA:3306,0
DA:3307,0
DA:3308,0
DA:3311,0
DA:3312,0
DA:3316,0
DA:3317,0
DA:3318,0
DA:3319,0
DA:3320,0
DA:3321,0
DA:3322,0
DA:3323,0
DA:3324,0
DA:3335,0
DA:3336,0
DA:3337,0
DA:3339,0
DA:3342,0
DA:3347,0
DA:3349,0
DA:3351,0
DA:3352,0
DA:3356,0
DA:3357,0
DA:3358,0
DA:3360,0
DA:3361,0
DA:3363,0
DA:3364,0
DA:3369,100
DA:3377,0
DA:3379,0
DA:3380,0
DA:3381,0
DA:3382,0
DA:3383,0
DA:3385,0
DA:3386,0
DA:3387,0
DA:3388,0
DA:3389,0
DA:3391,0
DA:3392,0
DA:3394,0
DA:3395,0
DA:3396,0
DA:3399,0
DA:3400,0
DA:3401,0
DA:3402,0
DA:3403,0
DA:3404,0
DA:3405,0
DA:3406,0
DA:3407,0
DA:3408,0
DA:3409,0
DA:3412,0
DA:3413,0
DA:3415,0
DA:3417,0
DA:3421,0
DA:3422,0
DA:3423,0
DA:3424,0
DA:3425,0
DA:3427,0
DA:3430,0
DA:3431,0
DA:3432,0
DA:3433,0
DA:3434,0
DA:3435,0
DA:3436,0
DA:3437,0
DA:3438,0
DA:3439,0
DA:3440,0
DA:3441,0
DA:3443,0
DA:3444,0
DA:3445,0
DA:3446,0
DA:3447,0
DA:3448,0
DA:3449,0
DA:3450,0
DA:3451,0
DA:3458,0
DA:3464,0
DA:3465,0
DA:3466,0
DA:3467,0
DA:3468,0
DA:3469,0
DA:3470,0
DA:3471,0
DA:3472,0
DA:3473,0
DA:3474,0
DA:3476,0
DA:3477,0
DA:3484,0
DA:3485,0
DA:3486,0
DA:3487,0
DA:3488,0
DA:3489,0
DA:3490,0
DA:3491,0
DA:3493,0
DA:3495,0
DA:3496,0
DA:3497,0
DA:3498,0
DA:3499,0
DA:3500,0
DA:3507,0
DA:3511,0
DA:3512,0
DA:3513,0
DA:3514,0
DA:3516,0
DA:3518,0
DA:3519,0
DA:3520,0
DA:3521,0
DA:3522,0
DA:3523,0
DA:3524,0
DA:3526,0
DA:3529,0
DA:3531,0
DA:3532,0
DA:3533,0
DA:3534,0
DA:3535,0
DA:3538,0
DA:3542,0
DA:3543,0
DA:3545,0
DA:3547,0
DA:3549,0
DA:3550,0
DA:3551,0
DA:3552,0
DA:3553,0
DA:3554,0
DA:3556,0
DA:3557,0
DA:3561,0
DA:3562,0
DA:3564,0
DA:3566,0
DA:3568,0
DA:3569,0
DA:3571,0
DA:3574,0
DA:3575,0
DA:3576,0
DA:3577,0
DA:3578,0
DA:3579,0
DA:3580,0
DA:3586,0
DA:3588,0
DA:3589,0
DA:3590,0
DA:3591,0
DA:3592,0
DA:3593,0
DA:3595,0
DA:3596,0
DA:3597,0
DA:3600,0
DA:3601,0
DA:3602,0
DA:3603,0
DA:3607,0
DA:3611,0
DA:3612,0
DA:3613,0
DA:3614,0
DA:3618,0
DA:3624,0
DA:3625,0
DA:3626,0
DA:3630,0
DA:3631,0
DA:3632,0
DA:3633,0
DA:3634,0
DA:3635,0
DA:3636,0
DA:3638,0
DA:3639,0
DA:3640,0
DA:3641,0
DA:3642,0
DA:3643,0
DA:3647,0
DA:3649,0
DA:3650,0
DA:3652,0
DA:3655,0
DA:3656,0
DA:3657,0
DA:3658,0
DA:3664,0
DA:3666,0
DA:3667,0
DA:3668,0
DA:3670,0
DA:3671,0
DA:3675,0
DA:3676,0
DA:3677,0
DA:3678,0
DA:3679,0
DA:3682,0
DA:3683,0
DA:3686,0
DA:3687,0
DA:3688,0
DA:3691,0
DA:3692,0
DA:3693,0
DA:3694,0
DA:3695,0
DA:3696,0
DA:3697,0
DA:3698,0
DA:3701,0
DA:3702,0
DA:3704,0
DA:3706,0
DA:3710,0
DA:3712,0
DA:3715,0
DA:3716,0
DA:3720,0
DA:3722,0
DA:3723,0
DA:3725,0
DA:3726,0
DA:3729,0
DA:3730,0
DA:3731,0
DA:3733,0
DA:3735,0
DA:3736,0
DA:3737,0
DA:3738,0
DA:3739,0
DA:3740,0
DA:3741,0
DA:3743,0
DA:3747,0
DA:3749,0
DA:3750,0
DA:3761,0
DA:3805,0
DA:3809,0
DA:3813,0
DA:3816,0
DA:3817,0
DA:3822,0
DA:3823,0
DA:3825,0
DA:3827,0
DA:3829,0
DA:3830,0
DA:3831,0
DA:3832,0
DA:3833,0
DA:3834,0
DA:3836,0
DA:3838,0
DA:3841,0
DA:3842,0
DA:3843,0
DA:3844,0
DA:3845,0
DA:3846,0
DA:3847,0
DA:3848,0
DA:3850,0
DA:3853,0
DA:3865,0
DA:3866,0
DA:3867,0
DA:3868,0
DA:3869,0
DA:3870,0
DA:3871,0
DA:3876,0
DA:3883,0
DA:3887,0
DA:3901,0
DA:3907,0
DA:3913,0
DA:3914,0
DA:3921,0
DA:3922,0
DA:3929,0
DA:3933,0
DA:3943,0
DA:3960,0
DA:3983,0
DA:3994,0
DA:3998,0
DA:4002,0
DA:4006,0
DA:4012,0
DA:4019,0
DA:4020,0
DA:4026,0
DA:4033,0
DA:4034,0
DA:4041,0
DA:4048,0
DA:4049,0
DA:4056,0
DA:4057,0
DA:4064,0
DA:4068,0
DA:4072,0
DA:4076,0
DA:4080,0
DA:4086,0
DA:4090,0
DA:4094,0
DA:4099,0
DA:4104,0
DA:4109,0
DA:4114,0
DA:4119,0
DA:4124,0
DA:4125,0
DA:4129,0
DA:4130,0
DA:4134,0
DA:4139,0
DA:4146,0
DA:4152,0
DA:4158,0
DA:4166,0
DA:4172,0
DA:4177,0
DA:4182,0
DA:4190,0
DA:4198,0
DA:4204,0
DA:4210,0
DA:4216,0
DA:4224,0
DA:4229,0
DA:4235,0
DA:4248,0
DA:4249,0
DA:4250,0
DA:4259,0
DA:4264,0
DA:4269,0
DA:4273,0
DA:4277,0
DA:4281,0
DA:4285,0
DA:4289,0
DA:4293,0
DA:4294,0
DA:4299,0
DA:4303,0
DA:4304,0
DA:4308,0
DA:4315,0
DA:4331,0
DA:4332,0
DA:4335,0
DA:4337,0
DA:4338,0
DA:4339,0
DA:4340,0
DA:4341,0
DA:4342,0
DA:4343,0
DA:4349,0
DA:4350,0
DA:4351,0
DA:4354,0
DA:4356,0
DA:4359,0
DA:4361,0
DA:4362,0
DA:4363,0
DA:4364,0
DA:4365,0
DA:4376,0
DA:4377,0
DA:4386,0
DA:4389,0
DA:4392,0
DA:4393,0
DA:4395,0
DA:4397,0
DA:4400,0
DA:4401,0
DA:4402,0
DA:4403,0
DA:4404,0
DA:4406,0
DA:4408,0
DA:4412,0
DA:4414,0
DA:4415,0
DA:4417,0
DA:4418,0
DA:4424,0
DA:4425,0
DA:4427,0
DA:4428,0
DA:4429,0
DA:4431,0
DA:4432,0
DA:4433,0
DA:4434,0
DA:4437,0
DA:4438,0
DA:4439,0
DA:4440,0
DA:4451,0
DA:4452,0
DA:4454,0
DA:4455,0
DA:4469,0
DA:4471,0
DA:4472,0
DA:4473,0
DA:4479,0
DA:4481,0
DA:4484,0
DA:4485,0
DA:4486,0
DA:4489,0
DA:4501,0
DA:4502,0
DA:4504,0
DA:4506,0
DA:4507,0
DA:4534,0
DA:4535,0
DA:4536,0
DA:4540,0
DA:4541,0
DA:4542,0
DA:4543,0
DA:4546,0
DA:4547,0
DA:4548,0
DA:4549,0
DA:4552,0
DA:4553,0
DA:4554,0
DA:4555,0
DA:4557,0
DA:4580,0
DA:4582,0
DA:4583,0
DA:4585,0
DA:4588,0
DA:4589,0
DA:4590,0
DA:4591,0
DA:4592,0
DA:4594,0
DA:4595,0
DA:4597,0
DA:4600,0
DA:4603,0
DA:4605,0
DA:4607,0
DA:4608,0
DA:4610,0
DA:4613,0
DA:4616,0
DA:4617,0
DA:4624,0
DA:4625,0
DA:4626,0
DA:4627,0
DA:4628,0
DA:4629,0
DA:4634,0
DA:4635,0
DA:4636,0
DA:4637,0
DA:4638,0
DA:4639,0
DA:4641,0
DA:4644,0
DA:4647,0
DA:4649,0
DA:4650,0
DA:4651,0
DA:4654,0
DA:4659,0
DA:4660,0
DA:4661,0
DA:4668,0
DA:4669,0
DA:4670,0
DA:4671,0
DA:4672,0
DA:4673,0
DA:4674,0
DA:4675,0
DA:4677,0
DA:4678,0
DA:4681,0
DA:4684,0
DA:4685,0
DA:4686,0
DA:4687,0
DA:4688,0
DA:4689,0
DA:4690,0
DA:4691,0
DA:4692,0
DA:4694,0
DA:4695,0
DA:4696,0
DA:4700,0
DA:4701,0
DA:4702,0
DA:4703,0
DA:4704,0
DA:4705,0
DA:4706,0
DA:4707,0
DA:4709,0
DA:4710,0
DA:4713,0
DA:4714,0
DA:4715,0
DA:4717,0
DA:4718,0
DA:4719,0
DA:4720,0
DA:4721,0
DA:4722,0
DA:4726,0
DA:4727,0
DA:4728,0
DA:4729,0
DA:4730,0
DA:4733,0
DA:4734,0
DA:4739,0
DA:4740,0
DA:4741,0
DA:4743,0
DA:4744,0
DA:4747,0
DA:4748,0
DA:4749,0
DA:4750,0
DA:4751,0
DA:4752,0
DA:4753,0
DA:4754,0
DA:4757,0
DA:4758,0
DA:4759,0
DA:4762,0
DA:4764,0
DA:4765,0
DA:4766,0
DA:4767,0
DA:4768,0
DA:4769,0
DA:4770,0
DA:4771,0
DA:4772,0
DA:4773,0
DA:4774,0
DA:4776,0
DA:4777,0
DA:4778,0
DA:4779,0
DA:4782,0
DA:4787,0
DA:4789,0
DA:4790,0
DA:4791,0
DA:4792,0
DA:4793,0
DA:4794,0
DA:4797,0
DA:4801,0
DA:4802,0
DA:4804,0
DA:4805,0
DA:4808,0
DA:4812,0
DA:4813,0
DA:4814,0
DA:4817,0
DA:4820,0
DA:4821,0
DA:4822,0
DA:4825,0
DA:4826,0
DA:4827,0
DA:4830,0
DA:4832,0
DA:4833,0
DA:4835,0
DA:4836,0
DA:4838,0
DA:4839,0
DA:4842,0
DA:4843,0
DA:4847,0
DA:4852,0
DA:4865,100
DA:4867,100
DA:4871,100
DA:4872,100
DA:4875,100
DA:4876,100
DA:4879,100
DA:4880,100
DA:4882,100
DA:4885,100
DA:4886,100
DA:4890,100
DA:4892,5400
DA:4895,5400
DA:4898,5400
DA:4900,4500
DA:4904,4500
DA:4905,4500
DA:4909,4500
DA:4911,4500
DA:4913,302600
DA:4917,302600
DA:4918,148100
DA:4924,302600
DA:4925,302600
DA:4928,302600
DA:4932,100
DA:4945,0
DA:4947,0
DA:4948,0
DA:4949,0
DA:4957,0
DA:4958,0
DA:4959,0
DA:4961,0
DA:4967,0
DA:4968,0
DA:4971,0
DA:4972,0
DA:4975,0
DA:4977,0
DA:4981,0
DA:4983,0
DA:4984,0
DA:4985,0
DA:4988,0
DA:4989,0
DA:4992,0
DA:4993,0
DA:4996,0
DA:4997,0
DA:4998,0
DA:5001,0
DA:5004,0
DA:5005,0
DA:5006,0
DA:5007,0
DA:5008,0
DA:5009,0
DA:5011,0
DA:5014,0
DA:5015,0
DA:5016,0
DA:5017,0
DA:5021,0
DA:5022,0
DA:5023,0
DA:5024,0
DA:5025,0
DA:5028,0
DA:5029,0
DA:5030,0
DA:5031,0
DA:5032,0
DA:5036,0
DA:5037,0
DA:5039,0
DA:5041,0
DA:5043,0
DA:5044,0
DA:5045,0
DA:5048,0
DA:5062,0
DA:5064,0
DA:5081,0
DA:5082,0
DA:5083,0
DA:5084,0
DA:5087,0
DA:5088,0
DA:5089,0
DA:5092,0
DA:5093,0
DA:5096,0
DA:5099,0
DA:5100,0
DA:5101,0
DA:5102,0
DA:5107,0
DA:5108,0
DA:5109,0
DA:5110,0
DA:5112,0
DA:5114,0
DA:5115,0
DA:5117,0
DA:5118,0
DA:5120,0
DA:5121,0
DA:5122,0
DA:5124,0
DA:5125,0
DA:5126,0
DA:5128,0
DA:5129,0
DA:5131,0
DA:5132,0
DA:5133,0
DA:5138,0
DA:5139,0
DA:5140,0
DA:5145,0
DA:5148,0
DA:5152,0
DA:5153,0
DA:5155,0
DA:5158,0
DA:5159,0
DA:5160,0
DA:5162,0
DA:5167,0
DA:5169,0
DA:5170,0
DA:5171,0
DA:5173,0
DA:5174,0
DA:5175,0
DA:5176,0
DA:5180,0
DA:5181,0
DA:5182,0
DA:5183,0
DA:5185,0
DA:5191,0
DA:5192,0
DA:5195,0
DA:5196,0
DA:5197,0
DA:5198,0
DA:5199,0
DA:5200,0
DA:5201,0
DA:5205,0
DA:5206,0
DA:5207,0
DA:5211,0
DA:5212,0
DA:5213,0
DA:5218,0
DA:5221,0
DA:5222,0
DA:5224,0
DA:5226,0
DA:5228,0
DA:5229,0
DA:5230,0
DA:5231,0
DA:5235,0
DA:5236,0
DA:5237,0
DA:5239,0
DA:5240,0
DA:5241,0
DA:5246,0
DA:5247,0
DA:5248,0
DA:5249,0
DA:5254,0
DA:5255,0
DA:5256,0
DA:5257,0
DA:5258,0
DA:5259,0
DA:5263,0
DA:5264,0
DA:5265,0
DA:5266,0
DA:5267,0
DA:5268,0
DA:5269,0
DA:5271,0
DA:5278,0
DA:5280,0
DA:5282,0
DA:5283,0
DA:5286,0
DA:5287,0
DA:5289,0
DA:5291,0
DA:5292,0
DA:5293,0
DA:5294,0
DA:5295,0
DA:5312,0
DA:5313,0
DA:5315,0
DA:5316,0
DA:5318,0
DA:5319,0
DA:5320,0
DA:5323,0
DA:5324,0
DA:5326,0
DA:5327,0
DA:5328,0
DA:5329,0
DA:5330,0
DA:5334,0
DA:5335,0
DA:5336,0
DA:5341,0
DA:5342,0
DA:5346,0
DA:5347,0
DA:5348,0
DA:5352,0
DA:5357,0
DA:5359,0
DA:5360,0
DA:5362,0
DA:5363,0
DA:5364,0
DA:5365,0
DA:5366,0
DA:5370,0
DA:5371,0
DA:5377,0
DA:5378,0
DA:5379,0
DA:5380,0
DA:5381,0
DA:5382,0
DA:5387,0
DA:5388,0
DA:5390,0
DA:5392,0
DA:5393,0
DA:5394,0
DA:5395,0
DA:5406,0
DA:5407,0
DA:5409,0
DA:5410,0
DA:5411,0
DA:5412,0
DA:5416,0
DA:5417,0
DA:5418,0
DA:5422,0
DA:5423,0
DA:5430,0
DA:5431,0
DA:5432,0
DA:5433,0
DA:5434,0
DA:5435,0
DA:5436,0
DA:5437,0
DA:5438,0
DA:5441,0
DA:5442,0
DA:5444,0
DA:5445,0
DA:5446,0
DA:5447,0
DA:5449,0
DA:5450,0
DA:5451,0
DA:5455,0
DA:5456,0
DA:5457,0
DA:5458,0
DA:5459,0
DA:5463,0
DA:5465,0
DA:5466,0
DA:5467,0
DA:5468,0
DA:5469,0
DA:5470,0
DA:5474,0
DA:5475,0
DA:5479,0
DA:5480,0
DA:5482,0
DA:5483,0
DA:5484,0
DA:5486,0
DA:5487,0
DA:5488,0
DA:5490,0
DA:5491,0
DA:5492,0
DA:5493,0
DA:5505,0
DA:5506,0
DA:5511,0
DA:5512,0
DA:5513,0
DA:5514,0
DA:5515,0
DA:5520,0
DA:5521,0
DA:5522,0
DA:5523,0
DA:5524,0
DA:5526,0
DA:5527,0
DA:5529,0
DA:5530,0
DA:5531,0
DA:5532,0
DA:5536,0
DA:5537,0
DA:5541,0
DA:5542,0
DA:5545,0
DA:5546,0
DA:5548,0
DA:5549,0
DA:5551,0
DA:5552,0
DA:5565,0
DA:5566,0
DA:5567,0
DA:5568,0
DA:5569,0
DA:5572,0
DA:5573,0
DA:5575,0
DA:5576,0
DA:5581,0
DA:5582,0
DA:5588,0
DA:5589,0
DA:5594,0
DA:5595,0
DA:5596,0
DA:5602,0
DA:5603,0
DA:5605,0
DA:5606,0
DA:5607,0
DA:5610,0
DA:5611,0
DA:5612,0
DA:5617,0
DA:5618,0
DA:5619,0
DA:5620,0
DA:5622,0
DA:5627,0
DA:5628,0
DA:5630,0
DA:5631,0
DA:5632,0
DA:5633,0
DA:5638,0
DA:5639,0
DA:5644,0
DA:5646,0
DA:5647,0
DA:5649,0
DA:5650,0
DA:5653,0
DA:5654,0
DA:5655,0
DA:5658,0
DA:5659,0
DA:5660,0
DA:5661,0
DA:5674,0
DA:5675,0
DA:5676,0
DA:5681,0
DA:5698,0
DA:5699,0
DA:5702,0
DA:5703,0
DA:5704,0
DA:5706,0
DA:5707,0
DA:5708,0
DA:5709,0
DA:5712,0
DA:5713,0
DA:5714,0
DA:5724,0
DA:5725,0
DA:5726,0
DA:5727,0
DA:5731,0
DA:5732,0
DA:5735,0
DA:5736,0
DA:5737,0
DA:5738,0
DA:5739,0
DA:5740,0
DA:5742,0
DA:5743,0
DA:5748,0
DA:5749,0
DA:5750,0
DA:5751,0
DA:5752,0
DA:5753,0
DA:5756,0
DA:5760,0
DA:5761,0
DA:5763,0
DA:5764,0
DA:5767,0
DA:5768,0
DA:5772,0
DA:5773,0
DA:5790,0
DA:5791,0
DA:5792,0
DA:5795,0
DA:5796,0
DA:5797,0
DA:5798,0
DA:5803,0
DA:5814,0
DA:5815,0
DA:5817,0
DA:5818,0
DA:5819,0
DA:5830,0
DA:5831,0
DA:5832,0
DA:5833,0
DA:5835,0
DA:5839,0
DA:5840,0
DA:5843,0
DA:5845,0
DA:5846,0
DA:5850,0
DA:5851,0
DA:5852,0
DA:5853,0
DA:5854,0
DA:5856,0
DA:5859,0
DA:5860,0
DA:5861,0
DA:5862,0
DA:5863,0
DA:5866,0
DA:5867,0
DA:5868,0
DA:5870,0
DA:5871,0
DA:5873,0
DA:5875,0
DA:5877,0
DA:5878,0
DA:5879,0
DA:5882,0
DA:5883,0
DA:5886,0
DA:5887,0
DA:5889,0
DA:5890,0
DA:5892,0
DA:5894,0
DA:5897,0
DA:5901,0
DA:5902,0
DA:5904,0
DA:5905,0
DA:5906,0
DA:5907,0
DA:5908,0
DA:5911,0
DA:5917,0
DA:5918,0
DA:5920,0
DA:5921,0
DA:5923,0
DA:5924,0
DA:5925,0
DA:5937,0
DA:5938,0
DA:5941,0
DA:5943,0
DA:5946,0
DA:5948,0
DA:5950,0
DA:5953,0
DA:5954,0
DA:5955,0
DA:5958,0
DA:5959,0
DA:5961,0
DA:5962,0
DA:5967,0
DA:5970,0
DA:5971,0
DA:5975,0
DA:5977,0
DA:5978,0
DA:5985,0
DA:5986,0
DA:5987,0
DA:5990,0
DA:5995,0
DA:6002,0
DA:6003,0
DA:6005,0
DA:6006,0
DA:6012,0
DA:6013,0
DA:6014,0
DA:6015,0
DA:6016,0
DA:6018,0
DA:6019,0
DA:6020,0
DA:6023,0
DA:6028,0
DA:6040,0
DA:6041,0
DA:6043,0
DA:6044,0
DA:6046,0
DA:6047,0
DA:6048,0
DA:6050,0
DA:6051,0
DA:6052,0
DA:6054,0
DA:6055,0
DA:6057,0
DA:6058,0
DA:6059,0
DA:6064,0
DA:6065,0
DA:6066,0
DA:6071,0
DA:6074,0
DA:6084,0
DA:6086,0
DA:6087,0
DA:6088,0
DA:6090,0
DA:6091,0
DA:6093,0
DA:6094,0
DA:6099,0
DA:6100,0
DA:6104,0
DA:6107,0
DA:6121,0
DA:6122,0
DA:6123,0
DA:6125,0
DA:6126,0
DA:6128,0
DA:6137,0
DA:6139,0
DA:6140,0
DA:6144,0
DA:6145,0
DA:6146,0
DA:6147,0
DA:6148,0
DA:6150,0
DA:6151,0
DA:6152,0
DA:6153,0
DA:6156,0
DA:6157,0
DA:6159,0
DA:6169,0
DA:6170,0
DA:6172,0
DA:6173,0
DA:6175,0
DA:6176,0
DA:6182,0
DA:6183,0
DA:6185,0
DA:6186,0
DA:6190,0
DA:6199,0
DA:6200,0
DA:6201,0
DA:6202,0
DA:6204,0
DA:6207,0
DA:6208,0
DA:6210,0
DA:6212,0
DA:6213,0
DA:6214,0
DA:6215,0
DA:6224,0
DA:6228,0
DA:6231,0
DA:6232,0
DA:6234,0
DA:6237,0
DA:6238,0
DA:6239,0
DA:6241,0
DA:6242,0
DA:6243,0
DA:6245,0
DA:6254,0
DA:6261,0
DA:6262,0
DA:6263,0
DA:6264,0
DA:6265,0
DA:6266,0
DA:6267,0
DA:6272,0
DA:6273,0
DA:6274,0
DA:6277,0
DA:6278,0
DA:6281,0
DA:6282,0
DA:6283,0
DA:6284,0
DA:6286,0
DA:6287,0
DA:6288,0
DA:6293,0
DA:6294,0
DA:6298,0
DA:6299,0
DA:6301,0
DA:6304,0
DA:6309,0
DA:6310,0
DA:6314,0
DA:6315,0
DA:6316,0
DA:6317,0
DA:6319,0
DA:6320,0
DA:6321,0
DA:6322,0
DA:6323,0
DA:6325,0
DA:6326,0
DA:6328,0
DA:6329,0
DA:6331,0
DA:6332,0
DA:6334,0
DA:6336,0
DA:6337,0
DA:6338,0
DA:6339,0
DA:6343,0
DA:6344,0
DA:6356,0
DA:6358,0
DA:6359,0
DA:6360,0
DA:6362,0
DA:6365,0
DA:6367,0
DA:6369,0
DA:6375,0
DA:6376,0
DA:6377,0
DA:6378,0
DA:6379,0
DA:6383,0
DA:6384,0
DA:6387,0
DA:6388,0
DA:6391,0
DA:6392,0
DA:6394,0
LF:2858
LH:270
BRDA:29,0,0,0
BRDA:29,1,0,0
BRDA:29,1,1,0
BRDA:162,2,0,0
BRDA:165,3,0,0
BRDA:167,4,0,0
BRDA:167,5,0,0
BRDA:167,5,1,0
BRDA:167,6,0,0
BRDA:167,6,1,0
BRDA:191,7,0,0
BRDA:223,8,0,0
BRDA:240,9,0,0
BRDA:240,9,1,0
BRDA:259,10,0,0
BRDA:259,10,1,0
BRDA:267,11,0,0
BRDA:267,12,0,94
BRDA:267,13,0,96
BRDA:269,14,0,100
BRDA:269,14,1,92
BRDA:290,15,0,100
BRDA:298,16,0,0
BRDA:310,17,0,0
BRDA:319,18,0,0
BRDA:356,19,0,0
BRDA:365,20,0,0
BRDA:370,21,0,0
BRDA:377,22,0,0
BRDA:464,23,0,100
BRDA:466,24,0,0
BRDA:466,24,1,100
BRDA:468,25,0,0
BRDA:468,26,0,0
BRDA:468,26,1,0
BRDA:475,27,0,0
BRDA:505,28,0,0
BRDA:507,29,0,0
BRDA:507,29,1,0
BRDA:510,30,0,0
BRDA:510,31,0,0
BRDA:510,31,1,0
BRDA:521,32,0,0
BRDA:524,33,0,0
BRDA:524,33,1,0
BRDA:525,34,0,0
BRDA:556,35,0,100
BRDA:584,36,0,100
BRDA:586,37,0,100
BRDA:586,37,1,0
BRDA:595,38,0,100
BRDA:597,39,0,100
BRDA:597,39,1,0
BRDA:610,40,0,0
BRDA:612,41,0,0
BRDA:614,42,0,0
BRDA:614,43,0,0
BRDA:614,43,1,0
BRDA:621,44,0,100
BRDA:623,45,0,100
BRDA:623,45,1,0
BRDA:630,46,0,100
BRDA:632,47,0,100
BRDA:632,47,1,0
BRDA:639,48,0,0
BRDA:639,49,0,0
BRDA:639,49,1,0
BRDA:640,50,0,0
BRDA:641,51,0,0
BRDA:642,52,0,0
BRDA:656,53,0,0
BRDA:657,54,0,0
BRDA:662,55,0,0
BRDA:662,55,1,0
BRDA:665,56,0,0
BRDA:665,56,1,0
BRDA:672,57,0,100
BRDA:672,57,1,0
BRDA:678,58,0,0
BRDA:680,59,0,0
BRDA:680,59,1,0
BRDA:692,60,0,0
BRDA:692,60,1,0
BRDA:692,61,0,0
BRDA:692,61,1,0
BRDA:692,62,0,0
BRDA:692,62,1,0
BRDA:692,63,0,0
BRDA:692,63,1,0
BRDA:696,64,0,0
BRDA:696,64,1,0
BRDA:702,65,0,0
BRDA:702,65,1,0
BRDA:709,66,0,0
BRDA:713,67,0,0
BRDA:719,68,0,0
BRDA:719,68,1,0
BRDA:725,69,0,0
BRDA:725,69,1,0
BRDA:730,70,0,0
BRDA:730,70,1,0
BRDA:730,71,0,0
BRDA:730,71,1,0
BRDA:740,72,0,0
BRDA:740,72,1,0
BRDA:744,73,0,0
BRDA:744,73,1,0
BRDA:745,74,0,0
BRDA:745,74,1,0
BRDA:745,75,0,0
BRDA:745,75,1,0
BRDA:745,76,0,0
BRDA:745,76,1,0
BRDA:746,77,0,0
BRDA:746,77,1,0
BRDA:746,78,0,0
BRDA:746,78,1,0
BRDA:746,79,0,0
BRDA:746,79,1,0
BRDA:747,80,0,0
BRDA:747,80,1,0
BRDA:748,81,0,0
BRDA:748,81,1,0
BRDA:748,82,0,0
BRDA:748,82,1,0
BRDA:748,83,0,0
BRDA:748,83,1,0
BRDA:748,84,0,0
BRDA:748,84,1,0
BRDA:749,85,0,0
BRDA:749,85,1,0
BRDA:749,86,0,0
BRDA:749,86,1,0
BRDA:749,87,0,0
BRDA:749,87,1,0
BRDA:749,88,0,0
BRDA:749,88,1,0
BRDA:751,89,0,0
BRDA:751,89,1,0
BRDA:751,90,0,0
BRDA:751,90,1,0
BRDA:752,91,0,0
BRDA:752,91,1,0
BRDA:752,91,2,0
BRDA:752,91,3,0
BRDA:752,91,4,0
BRDA:752,91,5,0
BRDA:752,91,6,0
BRDA:752,91,7,0
BRDA:752,92,0,0
BRDA:752,92,1,0
BRDA:754,93,0,0
BRDA:770,94,0,0
BRDA:778,95,0,0
BRDA:780,96,0,0
BRDA:783,97,0,0
BRDA:787,98,0,0
BRDA:790,99,0,0
BRDA:790,99,1,0
BRDA:792,100,0,0
BRDA:796,101,0,0
BRDA:797,102,0,0
BRDA:805,103,0,0
BRDA:805,103,1,0
BRDA:805,104,0,0
BRDA:805,104,1,0
BRDA:805,105,0,0
BRDA:805,105,1,0
BRDA:805,106,0,0
BRDA:805,106,1,0
BRDA:805,107,0,0
BRDA:805,107,1,0
BRDA:805,108,0,0
BRDA:805,108,1,0
BRDA:812,109,0,0
BRDA:813,110,0,0
BRDA:813,110,1,0
BRDA:813,111,0,0
BRDA:813,111,1,0
BRDA:813,112,0,0
BRDA:813,112,1,0
BRDA:813,113,0,0
BRDA:813,113,1,0
BRDA:813,114,0,0
BRDA:813,114,1,0
BRDA:813,115,0,0
BRDA:813,115,1,0
BRDA:832,116,0,0
BRDA:832,116,1,0
BRDA:851,117,0,0
BRDA:852,118,0,0
BRDA:880,119,0,0
BRDA:882,120,0,0
BRDA:885,121,0,0
BRDA:896,122,0,0
BRDA:896,122,1,0
BRDA:898,123,0,0
BRDA:920,124,0,0
BRDA:924,125,0,0
BRDA:924,126,0,0
BRDA:924,126,1,0
BRDA:944,127,0,0
BRDA:946,128,0,0
BRDA:958,129,0,0
BRDA:958,130,0,0
BRDA:958,130,1,0
BRDA:968,131,0,0
BRDA:970,132,0,0
BRDA:970,132,1,0
BRDA:970,133,0,0
BRDA:970,133,1,0
BRDA:970,134,0,0
BRDA:970,134,1,0
BRDA:970,135,0,0
BRDA:970,135,1,0
BRDA:973,136,0,0
BRDA:973,136,1,0
BRDA:974,137,0,0
BRDA:975,138,0,0
BRDA:975,139,0,0
BRDA:975,139,1,0
BRDA:975,140,0,0
BRDA:975,140,1,0
BRDA:981,141,0,0
BRDA:982,142,0,0
BRDA:982,142,1,0
BRDA:982,143,0,0
BRDA:982,143,1,0
BRDA:982,144,0,0
BRDA:982,144,1,0
BRDA:982,145,0,0
BRDA:982,145,1,0
BRDA:988,146,0,0
BRDA:988,146,1,0
BRDA:988,147,0,0
BRDA:988,147,1,0
BRDA:988,148,0,0
BRDA:988,148,1,0
BRDA:988,149,0,0
BRDA:988,149,1,0
BRDA:991,150,0,0
BRDA:991,151,0,0
BRDA:991,151,1,0
BRDA:991,151,2,0
BRDA:993,152,0,0
BRDA:993,152,1,0
BRDA:993,153,0,0
BRDA:993,153,1,0
BRDA:993,153,2,0
BRDA:999,154,0,0
BRDA:999,154,1,0
BRDA:999,155,0,0
BRDA:999,155,1,0
BRDA:999,156,0,0
BRDA:999,156,1,0
BRDA:999,157,0,0
BRDA:999,157,1,0
BRDA:999,158,0,0
BRDA:999,158,1,0
BRDA:999,159,0,0
BRDA:999,159,1,0
BRDA:999,160,0,0
BRDA:999,160,1,0
BRDA:999,161,0,0
BRDA:999,161,1,0
BRDA:1000,162,0,0
BRDA:1000,162,1,0
BRDA:1000,163,0,0
BRDA:1000,163,1,0
BRDA:1000,164,0,0
BRDA:1000,164,1,0
BRDA:1000,165,0,0
BRDA:1000,165,1,0
BRDA:1005,166,0,0
BRDA:1005,167,0,0
BRDA:1005,167,1,0
BRDA:1005,167,2,0
BRDA:1005,167,3,0
BRDA:1005,167,4,0
BRDA:1010,168,0,0
BRDA:1010,168,1,0
BRDA:1011,169,0,0
BRDA:1023,170,0,0
BRDA:1023,171,0,0
BRDA:1023,171,1,0
BRDA:1023,171,2,0
BRDA:1025,172,0,0
BRDA:1034,173,0,0
BRDA:1034,174,0,0
BRDA:1034,174,1,0
BRDA:1034,174,2,0
BRDA:1039,175,0,0
BRDA:1039,175,1,0
BRDA:1039,176,0,0
BRDA:1039,176,1,0
BRDA:1060,177,0,0
BRDA:1063,178,0,0
BRDA:1082,179,0,0
BRDA:1092,180,0,0
BRDA:1092,181,0,0
BRDA:1092,181,1,0
BRDA:1092,181,2,0
BRDA:1099,182,0,0
BRDA:1101,183,0,0
BRDA:1120,184,0,100
BRDA:1120,184,1,0
BRDA:1120,185,0,100
BRDA:1120,185,1,100
BRDA:1120,186,0,0
BRDA:1120,186,1,100
BRDA:1120,187,0,100
BRDA:1120,187,1,100
BRDA:1121,188,0,100
BRDA:1121,188,1,0
BRDA:1121,189,0,100
BRDA:1121,189,1,100
BRDA:1121,190,0,0
BRDA:1121,190,1,100
BRDA:1121,191,0,100
BRDA:1121,191,1,100
BRDA:1128,192,0,100
BRDA:1128,192,1,0
BRDA:1128,193,0,100
BRDA:1128,193,1,100
BRDA:1132,194,0,100
BRDA:1132,194,1,0
BRDA:1132,195,0,100
BRDA:1132,195,1,100
BRDA:1133,196,0,100
BRDA:1133,196,1,0
BRDA:1133,197,0,100
BRDA:1133,197,1,100
BRDA:1134,198,0,100
BRDA:1134,198,1,0
BRDA:1137,199,0,100
BRDA:1146,200,0,100
BRDA:1176,201,0,100
BRDA:1176,201,1,0
BRDA:1176,202,0,100
BRDA:1176,202,1,100
BRDA:1177,203,0,100
BRDA:1177,203,1,0
BRDA:1177,204,0,100
BRDA:1177,204,1,100
BRDA:1178,205,0,100
BRDA:1178,205,1,0
BRDA:1180,206,0,100
BRDA:1180,206,1,0
BRDA:1182,207,0,100
BRDA:1182,207,1,0
BRDA:1182,208,0,100
BRDA:1182,208,1,100
BRDA:1204,209,0,0
BRDA:1204,209,1,0
BRDA:1204,210,0,0
BRDA:1204,210,1,0
BRDA:1206,211,0,0
BRDA:1206,211,1,0
BRDA:1209,212,0,0
BRDA:1209,212,1,0
BRDA:1209,213,0,0
BRDA:1209,213,1,0
BRDA:1229,214,0,0
BRDA:1229,215,0,0
BRDA:1229,215,1,0
BRDA:1229,216,0,0
BRDA:1229,216,1,0
BRDA:1231,217,0,0
BRDA:1242,218,0,0
BRDA:1242,218,1,0
BRDA:1242,219,0,0
BRDA:1242,219,1,0
BRDA:1246,220,0,0
BRDA:1246,220,1,0
BRDA:1262,221,0,0
BRDA:1262,221,1,0
BRDA:1262,222,0,0
BRDA:1262,222,1,0
BRDA:1268,223,0,0
BRDA:1268,224,0,0
BRDA:1268,224,1,0
BRDA:1279,225,0,0
BRDA:1279,226,0,0
BRDA:1279,226,1,0
BRDA:1285,227,0,0
BRDA:1285,228,0,0
BRDA:1285,228,1,0
BRDA:1288,229,0,0
BRDA:1288,230,0,0
BRDA:1288,230,1,0
BRDA:1290,231,0,0
BRDA:1320,232,0,0
BRDA:1320,233,0,0
BRDA:1320,233,1,0
BRDA:1323,234,0,0
BRDA:1323,234,1,0
BRDA:1323,235,0,0
BRDA:1323,235,1,0
BRDA:1323,236,0,0
BRDA:1323,236,1,0
BRDA:1323,237,0,0
BRDA:1323,237,1,0
BRDA:1324,238,0,0
BRDA:1324,238,1,0
BRDA:1324,239,0,0
BRDA:1324,239,1,0
BRDA:1324,240,0,0
BRDA:1324,240,1,0
BRDA:1324,241,0,0
BRDA:1324,241,1,0
BRDA:1329,242,0,0
BRDA:1346,243,0,0
BRDA:1346,244,0,100
BRDA:1346,244,1,100
BRDA:1349,245,0,100
BRDA:1350,246,0,5900
BRDA:1351,247,0,100
BRDA:1352,248,0,4500
BRDA:1359,249,0,0
BRDA:1362,250,0,0
BRDA:1362,250,1,0
BRDA:1363,251,0,0
BRDA:1363,251,1,0
BRDA:1365,252,0,0
BRDA:1365,253,0,0
BRDA:1365,253,1,0
BRDA:1365,253,2,0
BRDA:1389,254,0,0
BRDA:1389,254,1,0
BRDA:1401,255,0,0
BRDA:1412,256,0,0
BRDA:1412,256,1,0
BRDA:1416,257,0,0
BRDA:1416,257,1,0
BRDA:1416,258,0,0
BRDA:1416,258,1,0
BRDA:1416,259,0,0
BRDA:1416,259,1,0
BRDA:1417,260,0,0
BRDA:1417,260,1,0
BRDA:1417,261,0,0
BRDA:1417,261,1,0
BRDA:1417,262,0,0
BRDA:1417,262,1,0
BRDA:1418,263,0,0
BRDA:1418,263,1,0
BRDA:1418,264,0,0
BRDA:1418,264,1,0
BRDA:1418,265,0,0
BRDA:1418,265,1,0
BRDA:1418,266,0,0
BRDA:1418,266,1,0
BRDA:1421,267,0,0
BRDA:1421,267,1,0
BRDA:1446,268,0,0
BRDA:1448,269,0,0
BRDA:1448,269,1,0
BRDA:1448,270,0,0
BRDA:1448,270,1,0
BRDA:1460,271,0,0
BRDA:1461,272,0,0
BRDA:1461,272,1,0
BRDA:1461,273,0,0
BRDA:1461,273,1,0
BRDA:1488,274,0,0
BRDA:1488,274,1,0
BRDA:1488,275,0,0
BRDA:1488,275,1,0
BRDA:1488,276,0,0
BRDA:1488,276,1,0
BRDA:1488,277,0,0
BRDA:1488,277,1,0
BRDA:1489,278,0,0
BRDA:1490,279,0,0
BRDA:1490,279,1,0
BRDA:1490,280,0,0
BRDA:1490,280,1,0
BRDA:1490,281,0,0
BRDA:1490,281,1,0
BRDA:1490,282,0,0
BRDA:1490,282,1,0
BRDA:1491,283,0,0
BRDA:1491,283,1,0
BRDA:1491,284,0,0
BRDA:1491,284,1,0
BRDA:1491,285,0,0
BRDA:1491,285,1,0
BRDA:1491,286,0,0
BRDA:1491,286,1,0
BRDA:1497,287,0,0
BRDA:1497,287,1,0
BRDA:1497,288,0,0
BRDA:1497,288,1,0
BRDA:1497,289,0,0
BRDA:1497,289,1,0
BRDA:1497,290,0,0
BRDA:1497,290,1,0
BRDA:1498,291,0,0
BRDA:1498,291,1,0
BRDA:1516,292,0,0
BRDA:1516,293,0,0
BRDA:1516,293,1,0
BRDA:1516,293,2,0
BRDA:1518,294,0,0
BRDA:1518,294,1,0
BRDA:1518,295,0,0
BRDA:1518,295,1,0
BRDA:1518,296,0,0
BRDA:1518,296,1,0
BRDA:1518,297,0,0
BRDA:1518,297,1,0
BRDA:1532,298,0,0
BRDA:1542,299,0,0
BRDA:1554,300,0,0
BRDA:1554,300,1,0
BRDA:1554,301,0,0
BRDA:1554,301,1,0
BRDA:1555,302,0,0
BRDA:1555,302,1,0
BRDA:1555,303,0,0
BRDA:1555,303,1,0
BRDA:1560,304,0,0
BRDA:1560,304,1,0
BRDA:1562,305,0,0
BRDA:1562,306,0,0
BRDA:1562,306,1,0
BRDA:1570,307,0,0
BRDA:1590,308,0,0
BRDA:1590,308,1,0
BRDA:1590,309,0,0
BRDA:1590,309,1,0
BRDA:1604,310,0,0
BRDA:1618,311,0,0
BRDA:1635,312,0,0
BRDA:1635,312,1,0
BRDA:1635,313,0,0
BRDA:1635,313,1,0
BRDA:1636,314,0,0
BRDA:1636,315,0,0
BRDA:1636,315,1,0
BRDA:1645,316,0,0
BRDA:1645,316,1,0
BRDA:1654,317,0,0
BRDA:1654,318,0,0
BRDA:1654,318,1,0
BRDA:1656,319,0,0
BRDA:1656,320,0,0
BRDA:1656,320,1,0
BRDA:1656,321,0,0
BRDA:1656,321,1,0
BRDA:1665,322,0,0
BRDA:1665,323,0,0
BRDA:1665,323,1,0
BRDA:1665,324,0,0
BRDA:1665,324,1,0
BRDA:1665,325,0,0
BRDA:1665,325,1,0
BRDA:1671,326,0,0
BRDA:1671,326,1,0
BRDA:1671,327,0,0
BRDA:1671,327,1,0
BRDA:1671,328,0,0
BRDA:1671,328,1,0
BRDA:1671,329,0,0
BRDA:1671,329,1,0
BRDA:1673,330,0,0
BRDA:1688,331,0,0
BRDA:1697,332,0,0
BRDA:1697,332,1,0
BRDA:1697,333,0,0
BRDA:1697,333,1,0
BRDA:1697,334,0,0
BRDA:1697,334,1,0
BRDA:1697,335,0,0
BRDA:1697,335,1,0
BRDA:1699,336,0,0
BRDA:1706,337,0,0
BRDA:1706,337,1,0
BRDA:1711,338,0,0
BRDA:1711,338,1,0
BRDA:1728,339,0,0
BRDA:1728,339,1,0
BRDA:1729,340,0,0
BRDA:1729,340,1,0
BRDA:1730,341,0,0
BRDA:1730,341,1,0
BRDA:1732,342,0,0
BRDA:1732,342,1,0
BRDA:1733,343,0,0
BRDA:1733,343,1,0
BRDA:1734,344,0,0
BRDA:1734,344,1,0
BRDA:1734,345,0,0
BRDA:1734,345,1,0
BRDA:1735,346,0,0
BRDA:1735,346,1,0
BRDA:1753,347,0,100
BRDA:1781,348,0,0
BRDA:1783,349,0,0
BRDA:1793,350,0,0
BRDA:1795,351,0,0
BRDA:1806,352,0,0
BRDA:1807,353,0,0
BRDA:1807,353,1,0
BRDA:1817,354,0,0
BRDA:1818,355,0,0
BRDA:1818,355,1,0
BRDA:1827,356,0,0
BRDA:1828,357,0,0
BRDA:1828,357,1,0
BRDA:1836,358,0,0
BRDA:1848,359,0,0
BRDA:1848,360,0,0
BRDA:1848,360,1,0
BRDA:1853,361,0,0
BRDA:1853,362,0,0
BRDA:1853,362,1,0
BRDA:1853,362,2,0
BRDA:1876,363,0,0
BRDA:1881,364,0,0
BRDA:1883,365,0,0
BRDA:1883,365,1,0
BRDA:1888,366,0,0
BRDA:1900,367,0,0
BRDA:1900,367,1,0
BRDA:1922,368,0,0
BRDA:1922,368,1,0
BRDA:1923,369,0,0
BRDA:1923,369,1,0
BRDA:1939,370,0,0
BRDA:1940,371,0,0
BRDA:1940,371,1,0
BRDA:1988,372,0,0
BRDA:1991,373,0,0
BRDA:1994,374,0,0
BRDA:1994,374,1,0
BRDA:1997,375,0,0
BRDA:1997,375,1,0
BRDA:1998,376,0,0
BRDA:1998,376,1,0
BRDA:2022,377,0,0
BRDA:2022,377,1,0
BRDA:2024,378,0,0
BRDA:2024,378,1,0
BRDA:2027,379,0,0
BRDA:2032,380,0,0
BRDA:2032,380,1,0
BRDA:2033,381,0,0
BRDA:2033,381,1,0
BRDA:2041,382,0,0
BRDA:2041,382,1,0
BRDA:2041,383,0,0
BRDA:2041,383,1,0
BRDA:2041,384,0,0
BRDA:2041,384,1,0
BRDA:2041,385,0,0
BRDA:2041,385,1,0
BRDA:2041,386,0,0
BRDA:2041,386,1,0
BRDA:2041,387,0,0
BRDA:2041,387,1,0
BRDA:2042,388,0,0
BRDA:2042,388,1,0
BRDA:2042,389,0,0
BRDA:2042,389,1,0
BRDA:2042,390,0,0
BRDA:2042,390,1,0
BRDA:2042,391,0,0
BRDA:2042,391,1,0
BRDA:2043,392,0,0
BRDA:2043,392,1,0
BRDA:2043,393,0,0
BRDA:2043,393,1,0
BRDA:2043,394,0,0
BRDA:2043,394,1,0
BRDA:2043,395,0,0
BRDA:2043,395,1,0
BRDA:2044,396,0,0
BRDA:2044,396,1,0
BRDA:2044,397,0,0
BRDA:2044,397,1,0
BRDA:2044,398,0,0
BRDA:2044,398,1,0
BRDA:2044,399,0,0
BRDA:2044,399,1,0
BRDA:2045,400,0,0
BRDA:2045,400,1,0
BRDA:2045,401,0,0
BRDA:2045,401,1,0
BRDA:2045,402,0,0
BRDA:2045,402,1,0
BRDA:2045,403,0,0
BRDA:2045,403,1,0
BRDA:2047,404,0,0
BRDA:2054,405,0,0
BRDA:2054,405,1,0
BRDA:2059,406,0,0
BRDA:2072,407,0,0
BRDA:2072,408,0,0
BRDA:2072,408,1,0
BRDA:2073,409,0,0
BRDA:2074,410,0,0
BRDA:2074,411,0,0
BRDA:2074,411,1,0
BRDA:2079,412,0,0
BRDA:2079,412,1,0
BRDA:2079,413,0,0
BRDA:2079,413,1,0
BRDA:2082,414,0,0
BRDA:2082,414,1,0
BRDA:2083,415,0,0
BRDA:2083,415,1,0
BRDA:2083,416,0,0
BRDA:2083,416,1,0
BRDA:2083,417,0,0
BRDA:2083,417,1,0
BRDA:2083,418,0,0
BRDA:2083,418,1,0
BRDA:2089,419,0,0
BRDA:2089,419,1,0
BRDA:2089,420,0,0
BRDA:2089,420,1,0
BRDA:2089,421,0,0
BRDA:2089,421,1,0
BRDA:2089,422,0,0
BRDA:2089,422,1,0
BRDA:2091,423,0,0
BRDA:2091,423,1,0
BRDA:2091,424,0,0
BRDA:2091,424,1,0
BRDA:2091,425,0,0
BRDA:2091,425,1,0
BRDA:2091,426,0,0
BRDA:2091,426,1,0
BRDA:2093,427,0,0
BRDA:2093,427,1,0
BRDA:2093,428,0,0
BRDA:2093,428,1,0
BRDA:2093,429,0,0
BRDA:2093,429,1,0
BRDA:2093,430,0,0
BRDA:2093,430,1,0
BRDA:2095,431,0,0
BRDA:2095,431,1,0
BRDA:2095,432,0,0
BRDA:2095,432,1,0
BRDA:2095,433,0,0
BRDA:2095,433,1,0
BRDA:2095,434,0,0
BRDA:2095,434,1,0
BRDA:2103,435,0,0
BRDA:2103,435,1,0
BRDA:2112,436,0,0
BRDA:2112,436,1,0
BRDA:2112,437,0,0
BRDA:2112,437,1,0
BRDA:2113,438,0,0
BRDA:2113,438,1,0
BRDA:2113,439,0,0
BRDA:2113,439,1,0
BRDA:2114,440,0,0
BRDA:2114,440,1,0
BRDA:2114,441,0,0
BRDA:2114,441,1,0
BRDA:2114,442,0,0
BRDA:2114,442,1,0
BRDA:2114,443,0,0
BRDA:2114,443,1,0
BRDA:2115,444,0,0
BRDA:2115,444,1,0
BRDA:2115,445,0,0
BRDA:2115,445,1,0
BRDA:2115,446,0,0
BRDA:2115,446,1,0
BRDA:2115,447,0,0
BRDA:2115,447,1,0
BRDA:2116,448,0,0
BRDA:2116,448,1,0
BRDA:2116,449,0,0
BRDA:2116,449,1,0
BRDA:2116,450,0,0
BRDA:2116,450,1,0
BRDA:2116,451,0,0
BRDA:2116,451,1,0
BRDA:2118,452,0,0
BRDA:2127,453,0,0
BRDA:2127,453,1,0
BRDA:2131,454,0,0
BRDA:2157,455,0,0
BRDA:2173,456,0,0
BRDA:2173,456,1,0
BRDA:2173,457,0,0
BRDA:2173,457,1,0
BRDA:2173,458,0,0
BRDA:2173,458,1,0
BRDA:2173,459,0,0
BRDA:2173,459,1,0
BRDA:2174,460,0,0
BRDA:2174,460,1,0
BRDA:2178,461,0,0
BRDA:2191,462,0,0
BRDA:2195,463,0,0
BRDA:2195,464,0,0
BRDA:2195,464,1,0
BRDA:2196,465,0,0
BRDA:2197,466,0,0
BRDA:2203,467,0,0
BRDA:2203,468,0,0
BRDA:2203,468,1,0
BRDA:2206,469,0,0
BRDA:2206,470,0,0
BRDA:2206,470,1,0
BRDA:2208,471,0,0
BRDA:2208,472,0,0
BRDA:2208,472,1,0
BRDA:2229,473,0,0
BRDA:2241,474,0,0
BRDA:2245,475,0,0
BRDA:2250,476,0,0
BRDA:2257,477,0,0
BRDA:2261,478,0,0
BRDA:2266,479,0,0
BRDA:2271,480,0,0
BRDA:2282,481,0,0
BRDA:2291,482,0,0
BRDA:2291,482,1,0
BRDA:2303,483,0,0
BRDA:2309,484,0,0
BRDA:2315,485,0,0
BRDA:2331,486,0,0
BRDA:2331,487,0,0
BRDA:2331,487,1,0
BRDA:2338,488,0,0
BRDA:2344,489,0,0
BRDA:2344,489,1,0
BRDA:2348,490,0,0
BRDA:2348,490,1,0
BRDA:2348,490,2,0
BRDA:2354,491,0,0
BRDA:2354,491,1,0
BRDA:2354,492,0,0
BRDA:2354,492,1,0
BRDA:2358,493,0,0
BRDA:2373,494,0,0
BRDA:2383,495,0,0
BRDA:2383,496,0,0
BRDA:2383,496,1,0
BRDA:2383,497,0,0
BRDA:2383,497,1,0
BRDA:2397,498,0,0
BRDA:2397,498,1,0
BRDA:2397,499,0,0
BRDA:2397,499,1,0
BRDA:2397,500,0,0
BRDA:2397,500,1,0
BRDA:2397,501,0,0
BRDA:2397,501,1,0
BRDA:2398,502,0,0
BRDA:2398,502,1,0
BRDA:2398,503,0,0
BRDA:2398,503,1,0
BRDA:2398,504,0,0
BRDA:2398,504,1,0
BRDA:2398,505,0,0
BRDA:2398,505,1,0
BRDA:2402,506,0,0
BRDA:2413,507,0,0
BRDA:2413,508,0,0
BRDA:2413,508,1,0
BRDA:2413,509,0,0
BRDA:2413,509,1,0
BRDA:2431,510,0,0
BRDA:2431,510,1,0
BRDA:2431,511,0,0
BRDA:2431,511,1,0
BRDA:2454,512,0,0
BRDA:2464,513,0,0
BRDA:2464,513,1,0
BRDA:2464,514,0,0
BRDA:2464,514,1,0
BRDA:2469,515,0,0
BRDA:2469,516,0,0
BRDA:2469,516,1,0
BRDA:2493,517,0,0
BRDA:2495,518,0,0
BRDA:2495,519,0,0
BRDA:2495,519,1,0
BRDA:2495,520,0,0
BRDA:2495,520,1,0
BRDA:2500,521,0,0
BRDA:2500,521,1,0
BRDA:2501,522,0,0
BRDA:2501,522,1,0
BRDA:2501,523,0,0
BRDA:2501,523,1,0
BRDA:2501,524,0,0
BRDA:2501,524,1,0
BRDA:2501,525,0,0
BRDA:2501,525,1,0
BRDA:2504,526,0,0
BRDA:2504,526,1,0
BRDA:2505,527,0,0
BRDA:2505,527,1,0
BRDA:2505,528,0,0
BRDA:2505,528,1,0
BRDA:2505,529,0,0
BRDA:2505,529,1,0
BRDA:2505,530,0,0
BRDA:2505,530,1,0
BRDA:2506,531,0,0
BRDA:2506,531,1,0
BRDA:2507,532,0,0
BRDA:2507,532,1,0
BRDA:2507,533,0,0
BRDA:2507,533,1,0
BRDA:2508,534,0,0
BRDA:2508,534,1,0
BRDA:2508,535,0,0
BRDA:2508,535,1,0
BRDA:2509,536,0,0
BRDA:2509,536,1,0
BRDA:2509,537,0,0
BRDA:2509,537,1,0
BRDA:2512,538,0,0
BRDA:2518,539,0,0
BRDA:2518,540,0,0
BRDA:2518,540,1,0
BRDA:2518,540,2,0
BRDA:2525,541,0,0
BRDA:2525,542,0,0
BRDA:2525,542,1,0
BRDA:2538,543,0,0
BRDA:2538,544,0,0
BRDA:2538,544,1,0
BRDA:2548,545,0,0
BRDA:2548,546,0,0
BRDA:2548,546,1,0
BRDA:2548,546,2,0
BRDA:2567,547,0,0
BRDA:2580,548,0,0
BRDA:2580,549,0,0
BRDA:2580,549,1,0
BRDA:2603,550,0,0
BRDA:2603,550,1,0
BRDA:2607,551,0,0
BRDA:2607,551,1,0
BRDA:2607,551,2,0
BRDA:2607,551,3,0
BRDA:2608,552,0,0
BRDA:2608,553,0,0
BRDA:2608,553,1,0
BRDA:2608,553,2,0
BRDA:2616,554,0,0
BRDA:2622,555,0,0
BRDA:2646,556,0,0
BRDA:2646,557,0,0
BRDA:2646,557,1,0
BRDA:2646,558,0,0
BRDA:2646,558,1,0
BRDA:2651,559,0,0
BRDA:2651,559,1,0
BRDA:2651,560,0,0
BRDA:2651,560,1,0
BRDA:2651,561,0,0
BRDA:2651,561,1,0
BRDA:2651,562,0,0
BRDA:2651,562,1,0
BRDA:2657,563,0,0
BRDA:2657,563,1,0
BRDA:2665,564,0,0
BRDA:2668,565,0,0
BRDA:2668,566,0,0
BRDA:2668,566,1,0
BRDA:2668,567,0,0
BRDA:2668,567,1,0
BRDA:2675,568,0,0
BRDA:2676,569,0,0
BRDA:2676,569,1,0
BRDA:2676,570,0,0
BRDA:2676,570,1,0
BRDA:2679,571,0,0
BRDA:2695,572,0,0
BRDA:2695,572,1,0
BRDA:2696,573,0,0
BRDA:2696,573,1,0
BRDA:2701,574,0,0
BRDA:2701,575,0,0
BRDA:2701,575,1,0
BRDA:2701,576,0,0
BRDA:2701,576,1,0
BRDA:2706,577,0,0
BRDA:2706,578,0,0
BRDA:2706,578,1,0
BRDA:2706,579,0,0
BRDA:2706,579,1,0
BRDA:2721,580,0,0
BRDA:2722,581,0,0
BRDA:2722,581,1,0
BRDA:2722,582,0,0
BRDA:2722,582,1,0
BRDA:2725,583,0,0
BRDA:2743,584,0,0
BRDA:2743,585,0,0
BRDA:2743,585,1,0
BRDA:2743,586,0,0
BRDA:2743,586,1,0
BRDA:2752,587,0,0
BRDA:2758,588,0,0
BRDA:2768,589,0,0
BRDA:2771,590,0,0
BRDA:2784,591,0,0
BRDA:2784,592,0,0
BRDA:2784,592,1,0
BRDA:2785,593,0,0
BRDA:2785,593,1,0
BRDA:2785,594,0,0
BRDA:2785,594,1,0
BRDA:2785,595,0,0
BRDA:2785,595,1,0
BRDA:2785,596,0,0
BRDA:2785,596,1,0
BRDA:2789,597,0,0
BRDA:2795,598,0,0
BRDA:2795,598,1,0
BRDA:2795,599,0,0
BRDA:2795,599,1,0
BRDA:2795,600,0,0
BRDA:2795,600,1,0
BRDA:2802,601,0,0
BRDA:2802,601,1,0
BRDA:2805,602,0,0
BRDA:2805,602,1,0
BRDA:2806,603,0,0
BRDA:2806,603,1,0
BRDA:2806,604,0,0
BRDA:2806,604,1,0
BRDA:2806,605,0,0
BRDA:2806,605,1,0
BRDA:2807,606,0,0
BRDA:2807,606,1,0
BRDA:2810,607,0,0
BRDA:2810,607,1,0
BRDA:2813,608,0,0
BRDA:2813,608,1,0
BRDA:2816,609,0,0
BRDA:2816,609,1,0
BRDA:2831,610,0,0
BRDA:2831,611,0,0
BRDA:2831,611,1,0
BRDA:2837,612,0,0
BRDA:2837,613,0,0
BRDA:2837,613,1,0
BRDA:2839,614,0,0
BRDA:2839,614,1,0
BRDA:2839,615,0,0
BRDA:2839,615,1,0
BRDA:2842,616,0,0
BRDA:2842,616,1,0
BRDA:2844,617,0,0
BRDA:2844,617,1,0
BRDA:2844,618,0,0
BRDA:2844,618,1,0
BRDA:2845,619,0,0
BRDA:2845,619,1,0
BRDA:2845,620,0,0
BRDA:2845,620,1,0
BRDA:2845,621,0,0
BRDA:2845,621,1,0
BRDA:2845,622,0,0
BRDA:2845,622,1,0
BRDA:2849,623,0,0
BRDA:2849,623,1,0
BRDA:2849,624,0,0
BRDA:2849,624,1,0
BRDA:2850,625,0,0
BRDA:2850,625,1,0
BRDA:2850,626,0,0
BRDA:2850,626,1,0
BRDA:2850,627,0,0
BRDA:2850,627,1,0
BRDA:2850,628,0,0
BRDA:2850,628,1,0
BRDA:2855,629,0,0
BRDA:2858,630,0,0
BRDA:2862,631,0,0
BRDA:2862,631,1,0
BRDA:2866,632,0,0
BRDA:2866,632,1,0
BRDA:2871,633,0,0
BRDA:2872,634,0,0
BRDA:2874,635,0,0
BRDA:2876,636,0,0
BRDA:2881,637,0,0
BRDA:2881,637,1,0
BRDA:2881,638,0,0
BRDA:2881,638,1,0
BRDA:2882,639,0,0
BRDA:2882,639,1,0
BRDA:2882,640,0,0
BRDA:2882,640,1,0
BRDA:2882,641,0,0
BRDA:2882,641,1,0
BRDA:2882,642,0,0
BRDA:2882,642,1,0
BRDA:2886,643,0,0
BRDA:2889,644,0,0
BRDA:2889,644,1,0
BRDA:2890,645,0,0
BRDA:2890,645,1,0
BRDA:2891,646,0,0
BRDA:2891,646,1,0
BRDA:2891,647,0,0
BRDA:2891,647,1,0
BRDA:2892,648,0,0
BRDA:2892,648,1,0
BRDA:2892,649,0,0
BRDA:2892,649,1,0
BRDA:2892,650,0,0
BRDA:2892,650,1,0
BRDA:2892,651,0,0
BRDA:2892,651,1,0
BRDA:2896,652,0,0
BRDA:2896,653,0,0
BRDA:2896,653,1,0
BRDA:2896,654,0,0
BRDA:2896,654,1,0
BRDA:2905,655,0,0
BRDA:2905,656,0,0
BRDA:2905,656,1,0
BRDA:2905,657,0,0
BRDA:2905,657,1,0
BRDA:2911,658,0,0
BRDA:2914,659,0,0
BRDA:2917,660,0,0
BRDA:2917,660,1,0
BRDA:2917,661,0,0
BRDA:2917,661,1,0
BRDA:2917,662,0,0
BRDA:2917,662,1,0
BRDA:2917,663,0,0
BRDA:2917,663,1,0
BRDA:2923,664,0,0
BRDA:2923,665,0,0
BRDA:2923,665,1,0
BRDA:2928,666,0,0
BRDA:2928,666,1,0
BRDA:2930,667,0,0
BRDA:2930,667,1,0
BRDA:2932,668,0,0
BRDA:2932,669,0,0
BRDA:2932,669,1,0
BRDA:2961,670,0,0
BRDA:2966,671,0,0
BRDA:2967,672,0,0
BRDA:2967,672,1,0
BRDA:2967,673,0,0
BRDA:2967,673,1,0
BRDA:2967,673,2,0
BRDA:2968,674,0,0
BRDA:2968,675,0,0
BRDA:2968,675,1,0
BRDA:2984,676,0,0
BRDA:2984,676,1,0
BRDA:2984,677,0,0
BRDA:2984,677,1,0
BRDA:2986,678,0,0
BRDA:2994,679,0,0
BRDA:2996,680,0,0
BRDA:2997,681,0,0
BRDA:2997,681,1,0
BRDA:2998,682,0,0
BRDA:2998,682,1,0
BRDA:3009,683,0,0
BRDA:3009,683,1,0
BRDA:3009,684,0,0
BRDA:3009,684,1,0
BRDA:3011,685,0,0
BRDA:3011,686,0,0
BRDA:3011,686,1,0
BRDA:3020,687,0,0
BRDA:3042,688,0,0
BRDA:3054,689,0,0
BRDA:3054,690,0,0
BRDA:3054,690,1,0
BRDA:3054,691,0,0
BRDA:3054,691,1,0
BRDA:3054,692,0,0
BRDA:3054,692,1,0
BRDA:3059,693,0,0
BRDA:3081,694,0,0
BRDA:3081,694,1,0
BRDA:3081,695,0,0
BRDA:3081,695,1,0
BRDA:3081,696,0,0
BRDA:3081,696,1,0
BRDA:3088,697,0,0
BRDA:3088,697,1,0
BRDA:3092,698,0,0
BRDA:3092,699,0,0
BRDA:3092,699,1,0
BRDA:3092,699,2,0
BRDA:3101,700,0,0
BRDA:3101,700,1,0
BRDA:3101,701,0,0
BRDA:3101,701,1,0
BRDA:3101,702,0,0
BRDA:3101,702,1,0
BRDA:3101,703,0,0
BRDA:3101,703,1,0
BRDA:3102,704,0,0
BRDA:3102,705,0,0
BRDA:3102,705,1,0
BRDA:3102,705,2,0
BRDA:3102,705,3,0
BRDA:3102,706,0,0
BRDA:3102,706,1,0
BRDA:3102,707,0,0
BRDA:3102,707,1,0
BRDA:3105,708,0,0
BRDA:3105,708,1,0
BRDA:3107,709,0,0
BRDA:3107,710,0,0
BRDA:3107,710,1,0
BRDA:3107,711,0,0
BRDA:3107,711,1,0
BRDA:3108,712,0,0
BRDA:3108,712,1,0
BRDA:3108,713,0,0
BRDA:3108,713,1,0
BRDA:3110,714,0,0
BRDA:3110,715,0,0
BRDA:3110,715,1,0
BRDA:3110,716,0,0
BRDA:3110,716,1,0
BRDA:3113,717,0,0
BRDA:3113,718,0,0
BRDA:3113,718,1,0
BRDA:3113,719,0,0
BRDA:3113,719,1,0
BRDA:3115,720,0,0
BRDA:3115,720,1,0
BRDA:3115,721,0,0
BRDA:3115,721,1,0
BRDA:3115,722,0,0
BRDA:3115,722,1,0
BRDA:3126,723,0,0
BRDA:3126,723,1,0
BRDA:3126,724,0,0
BRDA:3126,724,1,0
BRDA:3147,725,0,0
BRDA:3155,726,0,0
BRDA:3155,727,0,0
BRDA:3155,727,1,0
BRDA:3155,728,0,0
BRDA:3155,728,1,0
BRDA:3172,729,0,0
BRDA:3175,730,0,0
BRDA:3175,731,0,0
BRDA:3175,731,1,0
BRDA:3186,732,0,0
BRDA:3194,733,0,0
BRDA:3194,733,1,0
BRDA:3194,734,0,0
BRDA:3194,734,1,0
BRDA:3194,735,0,0
BRDA:3194,735,1,0
BRDA:3215,736,0,0
BRDA:3215,736,1,0
BRDA:3215,737,0,0
BRDA:3215,737,1,0
BRDA:3215,738,0,0
BRDA:3215,738,1,0
BRDA:3215,739,0,0
BRDA:3215,739,1,0
BRDA:3219,740,0,0
BRDA:3219,741,0,0
BRDA:3219,741,1,0
BRDA:3233,742,0,0
BRDA:3233,742,1,0
BRDA:3239,743,0,0
BRDA:3247,744,0,0
BRDA:3247,745,0,0
BRDA:3247,745,1,0
BRDA:3280,746,0,0
BRDA:3284,747,0,0
BRDA:3301,748,0,0
BRDA:3301,749,0,0
BRDA:3301,749,1,0
BRDA:3303,750,0,0
BRDA:3303,750,1,0
BRDA:3305,751,0,0
BRDA:3305,751,1,0
BRDA:3307,752,0,0
BRDA:3307,752,1,0
BRDA:3308,753,0,0
BRDA:3308,753,1,0
BRDA:3311,754,0,0
BRDA:3316,755,0,0
BRDA:3319,756,0,0
BRDA:3319,756,1,0
BRDA:3321,757,0,0
BRDA:3321,757,1,0
BRDA:3322,758,0,0
BRDA:3322,758,1,0
BRDA:3323,759,0,0
BRDA:3335,760,0,0
BRDA:3337,761,0,0
BRDA:3337,761,1,0
BRDA:3351,762,0,0
BRDA:3351,763,0,0
BRDA:3351,763,1,0
BRDA:3351,764,0,0
BRDA:3351,764,1,0
BRDA:3356,765,0,0
BRDA:3356,765,1,0
BRDA:3356,766,0,0
BRDA:3356,766,1,0
BRDA:3356,767,0,0
BRDA:3356,767,1,0
BRDA:3356,768,0,0
BRDA:3356,768,1,0
BRDA:3357,769,0,0
BRDA:3357,770,0,0
BRDA:3357,770,1,0
BRDA:3357,771,0,0
BRDA:3357,771,1,0
BRDA:3361,772,0,0
BRDA:3363,773,0,0
BRDA:3363,773,1,0
BRDA:3386,774,0,0
BRDA:3391,775,0,0
BRDA:3391,775,1,0
BRDA:3392,776,0,0
BRDA:3392,776,1,0
BRDA:3396,777,0,0
BRDA:3396,777,1,0
BRDA:3421,778,0,0
BRDA:3424,779,0,0
BRDA:3424,779,1,0
BRDA:3425,780,0,0
BRDA:3425,780,1,0
BRDA:3434,781,0,0
BRDA:3435,782,0,0
BRDA:3435,782,1,0
BRDA:3437,783,0,0
BRDA:3437,783,1,0
BRDA:3438,784,0,0
BRDA:3443,785,0,0
BRDA:3446,786,0,0
BRDA:3446,786,1,0
BRDA:3447,787,0,0
BRDA:3447,787,1,0
BRDA:3448,788,0,0
BRDA:3458,789,0,0
BRDA:3465,790,0,0
BRDA:3465,791,0,0
BRDA:3465,791,1,0
BRDA:3465,792,0,0
BRDA:3465,792,1,0
BRDA:3470,793,0,0
BRDA:3474,794,0,0
BRDA:3476,795,0,0
BRDA:3476,796,0,0
BRDA:3476,796,1,0
BRDA:3476,796,2,0
BRDA:3485,797,0,0
BRDA:3485,797,1,0
BRDA:3485,798,0,0
BRDA:3485,798,1,0
BRDA:3485,799,0,0
BRDA:3485,799,1,0
BRDA:3493,800,0,0
BRDA:3496,801,0,0
BRDA:3496,801,1,0
BRDA:3496,802,0,0
BRDA:3496,802,1,0
BRDA:3497,803,0,0
BRDA:3511,804,0,0
BRDA:3516,805,0,0
BRDA:3516,805,1,0
BRDA:3529,806,0,0
BRDA:3531,807,0,0
BRDA:3531,807,1,0
BRDA:3532,808,0,0
BRDA:3532,808,1,0
BRDA:3542,809,0,0
BRDA:3542,809,1,0
BRDA:3543,810,0,0
BRDA:3543,810,1,0
BRDA:3545,811,0,0
BRDA:3549,812,0,0
BRDA:3549,813,0,0
BRDA:3549,813,1,0
BRDA:3569,814,0,0
BRDA:3574,815,0,0
BRDA:3586,816,0,0
BRDA:3586,817,0,0
BRDA:3586,817,1,0
BRDA:3611,818,0,0
BRDA:3630,819,0,0
BRDA:3630,820,0,0
BRDA:3630,820,1,0
BRDA:3638,821,0,0
BRDA:3638,821,1,0
BRDA:3650,822,0,0
BRDA:3655,823,0,0
BRDA:3655,824,0,0
BRDA:3655,824,1,0
BRDA:3675,825,0,0
BRDA:3675,826,0,0
BRDA:3675,826,1,0
BRDA:3682,827,0,0
BRDA:3682,827,1,0
BRDA:3683,828,0,0
BRDA:3683,828,1,0
BRDA:3687,829,0,0
BRDA:3687,829,1,0
BRDA:3715,830,0,0
BRDA:3715,831,0,0
BRDA:3715,831,1,0
BRDA:3720,832,0,0
BRDA:3720,833,0,0
BRDA:3720,833,1,0
BRDA:3722,834,0,0
BRDA:3722,834,1,0
BRDA:3723,835,0,0
BRDA:3723,835,1,0
BRDA:3730,836,0,0
BRDA:3730,836,1,0
BRDA:3731,837,0,0
BRDA:3731,837,1,0
BRDA:3733,838,0,0
BRDA:3736,839,0,0
BRDA:3736,840,0,0
BRDA:3736,840,1,0
BRDA:3765,841,0,100
BRDA:3765,841,1,0
BRDA:3773,842,0,0
BRDA:3773,842,1,0
BRDA:3773,843,0,0
BRDA:3773,843,1,0
BRDA:3784,844,0,100
BRDA:3784,844,1,0
BRDA:3790,845,0,0
BRDA:3790,845,1,0
BRDA:3793,846,0,0
BRDA:3793,846,1,0
BRDA:3800,847,0,100
BRDA:3800,847,1,0
BRDA:3805,848,0,0
BRDA:3805,848,1,0
BRDA:3827,849,0,0
BRDA:3827,849,1,0
BRDA:3829,850,0,0
BRDA:3831,851,0,0
BRDA:3842,852,0,0
BRDA:3842,852,1,0
BRDA:3842,853,0,0
BRDA:3842,853,1,0
BRDA:3845,854,0,0
BRDA:3861,855,0,0
BRDA:3861,855,1,0
BRDA:3878,856,0,0
BRDA:3878,856,1,0
BRDA:3879,857,0,0
BRDA:3879,857,1,0
BRDA:3879,858,0,0
BRDA:3879,858,1,0
BRDA:3893,859,0,0
BRDA:3893,859,1,0
BRDA:3893,860,0,0
BRDA:3893,860,1,0
BRDA:3897,861,0,0
BRDA:3897,861,1,0
BRDA:3897,862,0,0
BRDA:3897,862,1,0
BRDA:3897,863,0,0
BRDA:3897,863,1,0
BRDA:3907,864,0,0
BRDA:3907,864,1,0
BRDA:3907,865,0,0
BRDA:3907,865,1,0
BRDA:3912,866,0,0
BRDA:3912,866,1,0
BRDA:3912,867,0,0
BRDA:3912,867,1,0
BRDA:3916,868,0,0
BRDA:3916,868,1,0
BRDA:3916,869,0,0
BRDA:3916,869,1,0
BRDA:3920,870,0,0
BRDA:3920,870,1,0
BRDA:3920,871,0,0
BRDA:3920,871,1,0
BRDA:3924,872,0,0
BRDA:3924,872,1,0
BRDA:3924,873,0,0
BRDA:3924,873,1,0
BRDA:3939,874,0,100
BRDA:3939,874,1,0
BRDA:3963,875,0,0
BRDA:3963,875,1,0
BRDA:3964,876,0,0
BRDA:3964,876,1,0
BRDA:3968,877,0,0
BRDA:3968,877,1,0
BRDA:3982,878,0,0
BRDA:3982,878,1,0
BRDA:3982,879,0,0
BRDA:3982,879,1,0
BRDA:4019,880,0,0
BRDA:4019,880,1,0
BRDA:4019,881,0,0
BRDA:4019,881,1,0
BRDA:4020,882,0,0
BRDA:4020,882,1,0
BRDA:4020,883,0,0
BRDA:4020,883,1,0
BRDA:4033,884,0,0
BRDA:4033,884,1,0
BRDA:4033,885,0,0
BRDA:4033,885,1,0
BRDA:4034,886,0,0
BRDA:4034,886,1,0
BRDA:4034,887,0,0
BRDA:4034,887,1,0
BRDA:4048,888,0,0
BRDA:4048,888,1,0
BRDA:4048,889,0,0
BRDA:4048,889,1,0
BRDA:4049,890,0,0
BRDA:4049,890,1,0
BRDA:4049,891,0,0
BRDA:4049,891,1,0
BRDA:4056,892,0,0
BRDA:4056,892,1,0
BRDA:4056,893,0,0
BRDA:4056,893,1,0
BRDA:4057,894,0,0
BRDA:4057,894,1,0
BRDA:4057,895,0,0
BRDA:4057,895,1,0
BRDA:4086,896,0,0
BRDA:4086,896,1,0
BRDA:4086,897,0,0
BRDA:4086,897,1,0
BRDA:4090,898,0,0
BRDA:4090,898,1,0
BRDA:4090,899,0,0
BRDA:4090,899,1,0
BRDA:4094,900,0,0
BRDA:4094,900,1,0
BRDA:4094,901,0,0
BRDA:4094,901,1,0
BRDA:4099,902,0,0
BRDA:4099,902,1,0
BRDA:4099,903,0,0
BRDA:4099,903,1,0
BRDA:4104,904,0,0
BRDA:4104,904,1,0
BRDA:4104,905,0,0
BRDA:4104,905,1,0
BRDA:4109,906,0,0
BRDA:4109,906,1,0
BRDA:4109,907,0,0
BRDA:4109,907,1,0
BRDA:4124,908,0,0
BRDA:4124,908,1,0
BRDA:4124,909,0,0
BRDA:4124,909,1,0
BRDA:4125,910,0,0
BRDA:4125,910,1,0
BRDA:4125,911,0,0
BRDA:4125,911,1,0
BRDA:4129,912,0,0
BRDA:4129,912,1,0
BRDA:4129,913,0,0
BRDA:4129,913,1,0
BRDA:4130,914,0,0
BRDA:4130,914,1,0
BRDA:4130,915,0,0
BRDA:4130,915,1,0
BRDA:4172,916,0,0
BRDA:4172,916,1,0
BRDA:4172,917,0,0
BRDA:4172,917,1,0
BRDA:4177,918,0,0
BRDA:4177,918,1,0
BRDA:4177,919,0,0
BRDA:4177,919,1,0
BRDA:4182,920,0,0
BRDA:4182,920,1,0
BRDA:4182,921,0,0
BRDA:4182,921,1,0
BRDA:4190,922,0,0
BRDA:4190,922,1,0
BRDA:4190,923,0,0
BRDA:4190,923,1,0
BRDA:4216,924,0,0
BRDA:4216,924,1,0
BRDA:4216,925,0,0
BRDA:4216,925,1,0
BRDA:4224,926,0,0
BRDA:4224,926,1,0
BRDA:4224,927,0,0
BRDA:4224,927,1,0
BRDA:4246,928,0,0
BRDA:4246,928,1,0
BRDA:4246,929,0,0
BRDA:4246,929,1,0
BRDA:4249,930,0,0
BRDA:4259,931,0,0
BRDA:4259,931,1,0
BRDA:4259,932,0,0
BRDA:4259,932,1,0
BRDA:4264,933,0,0
BRDA:4264,933,1,0
BRDA:4264,934,0,0
BRDA:4264,934,1,0
BRDA:4293,935,0,0
BRDA:4293,935,1,0
BRDA:4293,936,0,0
BRDA:4293,936,1,0
BRDA:4294,937,0,0
BRDA:4294,937,1,0
BRDA:4294,938,0,0
BRDA:4294,938,1,0
BRDA:4303,939,0,0
BRDA:4303,939,1,0
BRDA:4303,940,0,0
BRDA:4303,940,1,0
BRDA:4304,941,0,0
BRDA:4304,941,1,0
BRDA:4304,942,0,0
BRDA:4304,942,1,0
BRDA:4341,943,0,0
BRDA:4359,944,0,0
BRDA:4364,945,0,0
BRDA:4364,946,0,0
BRDA:4364,946,1,0
BRDA:4376,947,0,0
BRDA:4376,947,1,0
BRDA:4379,948,0,0
BRDA:4379,948,1,0
BRDA:4381,949,0,0
BRDA:4381,949,1,0
BRDA:4389,950,0,0
BRDA:4389,950,1,0
BRDA:4389,951,0,0
BRDA:4389,951,1,0
BRDA:4401,952,0,0
BRDA:4406,953,0,0
BRDA:4406,954,0,0
BRDA:4406,954,1,0
BRDA:4414,955,0,0
BRDA:4415,956,0,0
BRDA:4415,956,1,0
BRDA:4425,957,0,0
BRDA:4428,958,0,0
BRDA:4433,959,0,0
BRDA:4439,960,0,0
BRDA:4446,961,0,0
BRDA:4446,961,1,0
BRDA:4447,962,0,0
BRDA:4447,962,1,0
BRDA:4452,963,0,0
BRDA:4452,963,1,0
BRDA:4471,964,0,0
BRDA:4484,965,0,0
BRDA:4492,966,0,0
BRDA:4492,966,1,0
BRDA:4494,967,0,0
BRDA:4494,967,1,0
BRDA:4500,968,0,100
BRDA:4500,968,1,0
BRDA:4502,969,0,0
BRDA:4506,970,0,0
BRDA:4506,970,1,0
BRDA:4506,971,0,0
BRDA:4506,971,1,0
BRDA:4506,971,2,0
BRDA:4510,972,0,0
BRDA:4510,972,1,0
BRDA:4511,973,0,0
BRDA:4511,973,1,0
BRDA:4511,973,2,0
BRDA:4574,974,0,0
BRDA:4576,975,0,0
BRDA:4577,976,0,0
BRDA:4578,977,0,0
BRDA:4585,978,0,0
BRDA:4594,979,0,0
BRDA:4594,979,1,0
BRDA:4605,980,0,0
BRDA:4605,980,1,0
BRDA:4608,981,0,0
BRDA:4608,981,1,0
BRDA:4624,982,0,0
BRDA:4624,982,1,0
BRDA:4627,983,0,0
BRDA:4627,984,0,0
BRDA:4627,984,1,0
BRDA:4634,985,0,0
BRDA:4634,985,1,0
BRDA:4647,986,0,0
BRDA:4647,987,0,0
BRDA:4647,987,1,0
BRDA:4647,987,2,0
BRDA:4671,988,0,0
BRDA:4672,989,0,0
BRDA:4672,990,0,0
BRDA:4672,990,1,0
BRDA:4673,991,0,0
BRDA:4673,991,1,0
BRDA:4674,992,0,0
BRDA:4674,992,1,0
BRDA:4684,993,0,0
BRDA:4706,994,0,0
BRDA:4706,994,1,0
BRDA:4713,995,0,0
BRDA:4713,996,0,0
BRDA:4713,996,1,0
BRDA:4762,997,0,0
BRDA:4773,998,0,0
BRDA:4773,998,1,0
BRDA:4786,999,0,0
BRDA:4797,1000,0,0
BRDA:4797,1001,0,0
BRDA:4797,1001,1,0
BRDA:4808,1002,0,0
BRDA:4808,1003,0,0
BRDA:4808,1003,1,0
BRDA:4820,1004,0,0
BRDA:4820,1005,0,0
BRDA:4820,1005,1,0
BRDA:4820,1005,2,0
BRDA:4825,1006,0,0
BRDA:4825,1007,0,0
BRDA:4825,1007,1,0
BRDA:4825,1007,2,0
BRDA:4842,1008,0,0
BRDA:4862,1009,0,0
BRDA:4898,1010,0,900
BRDA:4898,1011,0,5400
BRDA:4898,1011,1,5400
BRDA:4917,1012,0,148100
BRDA:4924,1013,0,302600
BRDA:4941,1014,0,0
BRDA:4942,1015,0,0
BRDA:4943,1016,0,0
BRDA:4947,1017,0,0
BRDA:4947,1018,0,0
BRDA:4947,1018,1,0
BRDA:4957,1019,0,0
BRDA:4957,1020,0,0
BRDA:4957,1020,1,0
BRDA:4989,1021,0,0
BRDA:4996,1022,0,0
BRDA:4996,1023,0,0
BRDA:4996,1023,1,0
BRDA:5017,1024,0,0
BRDA:5017,1025,0,0
BRDA:5017,1025,1,0
BRDA:5028,1026,0,0
BRDA:5028,1026,1,0
BRDA:5032,1027,0,0
BRDA:5036,1028,0,0
BRDA:5036,1028,1,0
BRDA:5036,1029,0,0
BRDA:5036,1029,1,0
BRDA:5043,1030,0,0
BRDA:5043,1031,0,0
BRDA:5043,1031,1,0
BRDA:5092,1032,0,0
BRDA:5092,1032,1,0
BRDA:5092,1033,0,0
BRDA:5092,1033,1,0
BRDA:5092,1034,0,0
BRDA:5092,1034,1,0
BRDA:5092,1035,0,0
BRDA:5092,1035,1,0
BRDA:5093,1036,0,0
BRDA:5093,1036,1,0
BRDA:5093,1037,0,0
BRDA:5093,1037,1,0
BRDA:5093,1038,0,0
BRDA:5093,1038,1,0
BRDA:5093,1039,0,0
BRDA:5093,1039,1,0
BRDA:5101,1040,0,0
BRDA:5112,1041,0,0
BRDA:5118,1042,0,0
BRDA:5129,1043,0,0
BRDA:5138,1044,0,0
BRDA:5153,1045,0,0
BRDA:5167,1046,0,0
BRDA:5174,1047,0,0
BRDA:5180,1048,0,0
BRDA:5182,1049,0,0
BRDA:5182,1049,1,0
BRDA:5195,1050,0,0
BRDA:5195,1050,1,0
BRDA:5196,1051,0,0
BRDA:5205,1052,0,0
BRDA:5211,1053,0,0
BRDA:5224,1054,0,0
BRDA:5229,1055,0,0
BRDA:5235,1056,0,0
BRDA:5237,1057,0,0
BRDA:5237,1057,1,0
BRDA:5239,1058,0,0
BRDA:5246,1059,0,0
BRDA:5246,1059,1,0
BRDA:5246,1060,0,0
BRDA:5246,1060,1,0
BRDA:5246,1060,2,0
BRDA:5248,1061,0,0
BRDA:5254,1062,0,0
BRDA:5254,1062,1,0
BRDA:5254,1063,0,0
BRDA:5254,1063,1,0
BRDA:5254,1064,0,0
BRDA:5254,1064,1,0
BRDA:5254,1065,0,0
BRDA:5254,1065,1,0
BRDA:5255,1066,0,0
BRDA:5255,1066,1,0
BRDA:5255,1067,0,0
BRDA:5255,1067,1,0
BRDA:5255,1068,0,0
BRDA:5255,1068,1,0
BRDA:5255,1069,0,0
BRDA:5255,1069,1,0
BRDA:5256,1070,0,0
BRDA:5256,1070,1,0
BRDA:5256,1071,0,0
BRDA:5256,1071,1,0
BRDA:5256,1072,0,0
BRDA:5256,1072,1,0
BRDA:5256,1073,0,0
BRDA:5256,1073,1,0
BRDA:5257,1074,0,0
BRDA:5257,1074,1,0
BRDA:5257,1075,0,0
BRDA:5257,1075,1,0
BRDA:5257,1076,0,0
BRDA:5257,1076,1,0
BRDA:5257,1077,0,0
BRDA:5257,1077,1,0
BRDA:5258,1078,0,0
BRDA:5258,1078,1,0
BRDA:5258,1079,0,0
BRDA:5258,1079,1,0
BRDA:5258,1080,0,0
BRDA:5258,1080,1,0
BRDA:5258,1081,0,0
BRDA:5258,1081,1,0
BRDA:5259,1082,0,0
BRDA:5259,1082,1,0
BRDA:5259,1083,0,0
BRDA:5259,1083,1,0
BRDA:5259,1084,0,0
BRDA:5259,1084,1,0
BRDA:5259,1085,0,0
BRDA:5259,1085,1,0
BRDA:5263,1086,0,0
BRDA:5263,1086,1,0
BRDA:5266,1087,0,0
BRDA:5266,1087,1,0
BRDA:5268,1088,0,0
BRDA:5268,1088,1,0
BRDA:5282,1089,0,0
BRDA:5282,1089,1,0
BRDA:5282,1090,0,0
BRDA:5282,1090,1,0
BRDA:5282,1091,0,0
BRDA:5282,1091,1,0
BRDA:5282,1092,0,0
BRDA:5282,1092,1,0
BRDA:5291,1093,0,0
BRDA:5291,1094,0,0
BRDA:5291,1094,1,0
BRDA:5313,1095,0,0
BRDA:5313,1096,0,0
BRDA:5313,1096,1,0
BRDA:5313,1096,2,0
BRDA:5324,1097,0,0
BRDA:5334,1098,0,0
BRDA:5341,1099,0,0
BRDA:5346,1100,0,0
BRDA:5352,1101,0,0
BRDA:5352,1102,0,0
BRDA:5352,1102,1,0
BRDA:5370,1103,0,0
BRDA:5371,1104,0,0
BRDA:5371,1104,1,0
BRDA:5380,1105,0,0
BRDA:5382,1106,0,0
BRDA:5382,1106,1,0
BRDA:5387,1107,0,0
BRDA:5387,1107,1,0
BRDA:5387,1108,0,0
BRDA:5387,1108,1,0
BRDA:5406,1109,0,0
BRDA:5416,1110,0,0
BRDA:5422,1111,0,0
BRDA:5431,1112,0,0
BRDA:5431,1113,0,0
BRDA:5431,1113,1,0
BRDA:5455,1114,0,0
BRDA:5458,1115,0,0
BRDA:5458,1115,1,0
BRDA:5463,1116,0,0
BRDA:5468,1117,0,0
BRDA:5474,1118,0,0
BRDA:5474,1119,0,0
BRDA:5474,1119,1,0
BRDA:5484,1120,0,0
BRDA:5486,1121,0,0
BRDA:5486,1121,1,0
BRDA:5486,1122,0,0
BRDA:5486,1122,1,0
BRDA:5506,1123,0,0
BRDA:5514,1124,0,0
BRDA:5521,1125,0,0
BRDA:5521,1126,0,0
BRDA:5521,1126,1,0
BRDA:5530,1127,0,0
BRDA:5536,1128,0,0
BRDA:5541,1129,0,0
BRDA:5545,1130,0,0
BRDA:5545,1130,1,0
BRDA:5546,1131,0,0
BRDA:5546,1131,1,0
BRDA:5548,1132,0,0
BRDA:5548,1132,1,0
BRDA:5549,1133,0,0
BRDA:5549,1133,1,0
BRDA:5551,1134,0,0
BRDA:5565,1135,0,0
BRDA:5573,1136,0,0
BRDA:5581,1137,0,0
BRDA:5581,1138,0,0
BRDA:5581,1138,1,0
BRDA:5588,1139,0,0
BRDA:5588,1140,0,0
BRDA:5588,1140,1,0
BRDA:5602,1141,0,0
BRDA:5617,1142,0,0
BRDA:5619,1143,0,0
BRDA:5631,1144,0,0
BRDA:5631,1145,0,0
BRDA:5631,1145,1,0
BRDA:5638,1146,0,0
BRDA:5649,1147,0,0
BRDA:5649,1147,1,0
BRDA:5653,1148,0,0
BRDA:5653,1148,1,0
BRDA:5653,1149,0,0
BRDA:5653,1149,1,0
BRDA:5675,1150,0,0
BRDA:5699,1151,0,0
BRDA:5708,1152,0,0
BRDA:5708,1152,1,0
BRDA:5712,1153,0,0
BRDA:5721,1154,0,0
BRDA:5724,1155,0,0
BRDA:5727,1156,0,0
BRDA:5736,1157,0,0
BRDA:5742,1158,0,0
BRDA:5761,1159,0,0
BRDA:5761,1160,0,0
BRDA:5761,1160,1,0
BRDA:5764,1161,0,0
[...]
DA:193,0
DA:196,0
DA:199,0
DA:200,0
DA:201,0
DA:202,0
DA:203,0
DA:204,0
DA:205,0
DA:206,0
DA:207,0
DA:208,0
DA:209,0
DA:210,0
DA:211,0
DA:212,0
DA:213,0
DA:214,0
DA:215,0
DA:216,0
DA:217,0
DA:218,0
DA:219,0
DA:220,0
DA:221,0
DA:223,0
DA:224,0
DA:226,0
DA:227,0
DA:228,0
DA:229,0
DA:231,0
DA:232,0
DA:233,0
DA:234,0
DA:235,0
DA:236,0
DA:238,0
DA:239,0
DA:240,0
DA:241,0
DA:243,0
DA:244,0
DA:245,0
DA:249,0
DA:250,0
DA:253,0
DA:254,0
DA:256,0
DA:257,0
DA:258,0
DA:259,0
DA:261,0
DA:262,0
DA:264,0
DA:265,0
DA:267,0
DA:269,0
DA:270,0
DA:271,0
DA:281,0
DA:282,0
DA:283,0
DA:284,0
DA:285,0
DA:286,0
DA:287,0
DA:288,0
DA:290,0
DA:291,0
DA:292,0
DA:293,0
DA:294,0
DA:295,0
DA:296,0
DA:297,0
DA:298,0
DA:300,0
DA:302,0
DA:303,0
DA:304,0
DA:305,0
DA:306,0
DA:307,0
DA:309,0
DA:310,0
DA:311,0
DA:314,0
DA:315,0
DA:317,0
DA:319,0
DA:320,0
DA:321,0
DA:322,0
DA:323,0
DA:324,0
DA:325,0
DA:327,0
DA:329,0
DA:330,0
DA:333,0
DA:334,0
DA:336,0
DA:337,0
DA:342,0
DA:343,0
DA:344,0
DA:354,0
DA:356,0
DA:357,0
DA:360,0
DA:361,0
DA:362,0
DA:363,0
DA:364,0
DA:365,0
DA:368,0
DA:371,0
DA:372,0
DA:375,0
DA:377,0
DA:379,0
DA:380,0
DA:381,0
DA:384,0
DA:387,0
DA:388,0
DA:389,0
DA:392,0
DA:393,0
DA:399,0
DA:400,0
DA:401,0
DA:402,0
DA:403,0
DA:404,0
DA:405,0
DA:407,0
DA:408,0
DA:411,0
DA:412,0
DA:415,0
DA:416,0
DA:417,0
DA:418,0
DA:419,0
DA:420,0
DA:422,0
DA:423,0
DA:424,0
DA:425,0
DA:426,0
DA:427,0
DA:430,0
DA:431,0
DA:434,0
DA:435,0
DA:438,0
DA:439,0
DA:441,0
DA:442,0
DA:443,0
DA:447,0
DA:451,0
DA:455,0
DA:458,0
DA:459,0
DA:460,0
DA:461,0
DA:462,0
DA:463,0
DA:464,0
DA:466,0
DA:467,0
DA:468,0
DA:470,0
DA:475,0
DA:476,0
DA:478,0
DA:479,0
DA:480,0
DA:482,0
DA:485,0
DA:487,0
DA:488,0
DA:492,0
DA:493,0
DA:496,0
DA:497,0
DA:498,0
DA:499,0
DA:500,0
DA:503,0
DA:504,0
DA:505,0
DA:506,0
DA:507,0
DA:508,0
DA:509,0
DA:510,0
DA:511,0
DA:512,0
DA:514,0
DA:515,0
DA:516,0
DA:517,0
DA:518,0
DA:519,0
DA:520,0
DA:521,0
DA:522,0
DA:523,0
DA:528,0
DA:530,0
DA:531,0
DA:534,0
DA:537,0
DA:538,0
DA:541,0
DA:542,0
DA:543,0
DA:544,0
DA:545,0
DA:546,0
DA:547,0
DA:551,0
DA:553,0
DA:554,0
DA:555,0
DA:556,0
DA:558,0
DA:559,0
DA:561,0
DA:563,0
DA:564,0
DA:566,0
DA:568,0
DA:572,0
DA:573,0
DA:575,0
DA:581,0
DA:582,0
DA:583,0
DA:584,0
DA:585,0
DA:586,0
DA:587,0
DA:588,0
DA:591,0
DA:592,0
DA:594,0
DA:608,0
DA:609,0
DA:611,0
DA:616,0
DA:618,0
DA:619,0
DA:620,0
DA:627,0
DA:628,0
DA:631,0
DA:632,0
DA:635,0
DA:636,0
DA:643,0
DA:644,0
DA:645,0
DA:646,0
DA:647,0
DA:649,0
DA:651,0
DA:653,0
DA:654,0
DA:656,0
DA:657,0
DA:658,0
DA:659,0
DA:662,0
DA:663,0
DA:664,0
DA:665,0
DA:666,0
DA:672,0
DA:675,0
DA:676,0
DA:677,0
DA:678,0
DA:680,0
DA:681,0
DA:682,0
DA:684,0
DA:685,0
DA:687,0
DA:688,0
DA:689,0
DA:693,0
DA:694,0
DA:696,0
DA:697,0
DA:698,0
DA:699,0
DA:700,0
DA:702,0
DA:703,0
DA:704,0
DA:705,0
DA:706,0
DA:708,0
DA:710,0
DA:711,0
DA:712,0
DA:713,0
DA:714,0
DA:715,0
DA:717,0
DA:719,0
DA:723,0
DA:725,0
DA:726,0
DA:727,0
DA:728,0
DA:730,0
DA:732,0
DA:733,0
DA:735,0
DA:736,0
DA:737,0
DA:738,0
DA:740,0
DA:742,0
DA:751,0
DA:752,0
DA:755,0
DA:758,0
DA:761,0
DA:762,0
DA:765,0
DA:766,0
DA:767,0
DA:768,0
DA:769,0
DA:770,0
DA:771,0
DA:772,0
DA:773,0
DA:777,0
DA:778,0
DA:781,0
DA:782,0
DA:783,0
DA:786,0
DA:787,0
DA:788,0
DA:789,0
DA:791,0
DA:793,0
DA:798,0
DA:801,0
DA:803,0
DA:807,0
DA:808,0
DA:809,0
DA:810,0
DA:811,0
DA:813,0
DA:814,0
DA:815,0
DA:816,0
DA:817,0
DA:818,0
DA:820,0
DA:821,0
DA:822,0
DA:823,0
DA:824,0
DA:826,0
DA:827,0
DA:828,0
DA:829,0
DA:830,0
DA:834,0
DA:839,0
DA:840,0
DA:841,0
DA:842,0
DA:843,0
DA:844,0
DA:847,0
DA:859,0
DA:860,0
DA:861,0
DA:862,0
DA:866,0
DA:867,0
DA:870,0
DA:876,0
DA:878,0
DA:879,0
DA:880,0
DA:882,0
DA:883,0
DA:884,0
DA:886,0
DA:887,0
DA:888,0
DA:889,0
DA:890,0
DA:891,0
DA:895,0
DA:896,0
DA:899,0
DA:900,0
DA:913,0
DA:914,0
DA:915,0
DA:920,0
DA:921,0
DA:922,0
DA:923,0
DA:924,0
DA:925,0
DA:926,0
DA:929,0
DA:930,0
DA:931,0
DA:934,0
DA:935,0
DA:936,0
DA:937,0
DA:940,0
DA:943,0
DA:944,0
DA:945,0
DA:946,0
DA:948,0
DA:949,0
DA:952,0
DA:953,0
DA:955,0
DA:956,0
DA:959,0
DA:960,0
DA:961,0
DA:962,0
DA:963,0
DA:964,0
DA:967,0
DA:968,0
DA:969,0
DA:970,0
DA:972,0
DA:973,0
DA:974,0
DA:980,0
DA:981,0
DA:982,0
DA:986,0
DA:987,0
DA:992,0
DA:993,0
DA:994,0
DA:995,0
DA:996,0
DA:998,0
DA:999,0
DA:1001,0
DA:1002,0
DA:1003,0
DA:1004,0
DA:1005,0
DA:1006,0
DA:1008,0
DA:1010,0
DA:1012,0
DA:1015,0
DA:1020,0
DA:1021,0
DA:1022,0
DA:1023,0
DA:1024,0
DA:1025,0
DA:1026,0
DA:1029,0
DA:1031,0
DA:1034,0
DA:1038,0
DA:1039,0
DA:1040,0
DA:1041,0
DA:1042,0
DA:1043,0
DA:1044,0
DA:1045,0
DA:1046,0
DA:1047,0
DA:1048,0
DA:1049,0
DA:1050,0
DA:1051,0
DA:1052,0
DA:1053,0
DA:1054,0
DA:1055,0
DA:1056,0
DA:1057,0
DA:1058,0
DA:1059,0
DA:1060,0
DA:1061,0
DA:1062,0
DA:1063,0
DA:1065,0
DA:1066,0
DA:1068,0
DA:1069,0
DA:1070,0
DA:1071,0
DA:1072,0
DA:1073,0
DA:1074,0
DA:1075,0
DA:1076,0
DA:1080,0
DA:1084,0
DA:1085,0
DA:1087,0
DA:1088,0
DA:1089,0
DA:1090,0
DA:1091,0
DA:1092,0
DA:1094,0
DA:1096,0
DA:1097,0
DA:1099,0
DA:1100,0
DA:1105,0
DA:1106,0
DA:1107,0
DA:1108,0
DA:1109,0
DA:1111,0
DA:1112,0
DA:1113,0
DA:1114,0
DA:1115,0
DA:1116,0
DA:1118,0
DA:1119,0
DA:1120,0
DA:1121,0
DA:1122,0
DA:1123,0
DA:1125,0
DA:1127,0
DA:1128,0
DA:1131,0
DA:1133,0
DA:1136,0
DA:1137,0
DA:1138,0
DA:1141,0
DA:1142,0
DA:1143,0
DA:1146,0
DA:1147,0
DA:1148,0
DA:1151,0
DA:1152,0
DA:1153,0
DA:1156,0
DA:1157,0
DA:1158,0
DA:1162,0
DA:1165,0
DA:1166,0
DA:1169,0
DA:1170,0
DA:1171,0
DA:1172,0
DA:1173,0
DA:1176,0
DA:1177,0
DA:1178,0
DA:1188,0
DA:1192,0
DA:1198,0
DA:1199,0
DA:1203,0
DA:1206,0
DA:1207,0
DA:1210,0
DA:1214,0
DA:1215,0
DA:1216,0
DA:1217,0
DA:1220,0
DA:1223,0
DA:1226,0
DA:1230,0
DA:1231,0
DA:1233,0
DA:1235,0
DA:1236,0
DA:1237,0
DA:1238,0
DA:1239,0
DA:1240,0
DA:1242,0
DA:1253,0
DA:1256,0
DA:1257,0
DA:1258,0
DA:1262,0
DA:1263,0
DA:1264,0
DA:1265,0
DA:1269,0
DA:1270,0
DA:1275,0
DA:1276,0
DA:1277,0
DA:1278,0
DA:1279,0
DA:1280,0
DA:1281,0
DA:1282,0
DA:1283,0
DA:1284,0
DA:1287,0
DA:1288,0
DA:1291,0
DA:1292,0
DA:1293,0
DA:1297,0
DA:1298,0
DA:1299,0
DA:1300,0
DA:1301,0
DA:1302,0
DA:1303,0
DA:1304,0
DA:1305,0
DA:1306,0
DA:1307,0
DA:1308,0
DA:1310,0
DA:1311,0
DA:1313,0
DA:1314,0
DA:1315,0
DA:1316,0
DA:1318,0
DA:1320,0
DA:1321,0
DA:1322,0
DA:1323,0
DA:1324,0
DA:1325,0
DA:1331,0
DA:1333,0
DA:1335,0
DA:1336,0
DA:1338,0
DA:1339,0
DA:1340,0
DA:1341,0
DA:1345,0
DA:1346,0
DA:1347,0
DA:1350,0
DA:1353,0
DA:1356,0
DA:1361,0
DA:1363,0
DA:1364,0
DA:1365,0
DA:1368,0
DA:1370,0
DA:1371,0
DA:1372,0
DA:1375,0
DA:1380,0
DA:1381,0
DA:1383,0
DA:1384,0
DA:1385,0
DA:1386,0
DA:1387,0
DA:1388,0
DA:1389,0
DA:1397,0
DA:1400,0
DA:1403,0
DA:1407,0
DA:1410,0
DA:1412,0
DA:1413,0
DA:1419,0
DA:1420,0
DA:1421,0
DA:1422,0
DA:1425,0
DA:1426,0
DA:1431,0
DA:1433,0
DA:1434,0
DA:1437,0
DA:1438,0
DA:1439,0
DA:1440,0
DA:1441,0
DA:1442,0
DA:1443,0
DA:1444,0
DA:1445,0
DA:1446,0
DA:1447,0
DA:1448,0
DA:1449,0
DA:1450,0
DA:1451,0
DA:1452,0
DA:1453,0
DA:1459,0
DA:1461,0
DA:1463,0
DA:1465,0
DA:1467,0
DA:1468,0
DA:1469,0
DA:1472,0
DA:1475,0
DA:1477,0
DA:1479,0
DA:1482,0
DA:1483,0
DA:1484,0
DA:1485,0
DA:1487,0
DA:1488,0
DA:1490,0
DA:1492,0
DA:1493,0
DA:1496,0
DA:1497,0
DA:1498,0
DA:1499,0
DA:1500,0
DA:1502,0
DA:1503,0
DA:1504,0
DA:1505,0
DA:1506,0
DA:1509,0
DA:1510,0
DA:1511,0
DA:1512,0
DA:1515,0
DA:1516,0
DA:1520,0
DA:1521,0
DA:1522,0
DA:1525,0
DA:1526,0
DA:1527,0
DA:1529,0
DA:1530,0
DA:1532,0
DA:1533,0
DA:1538,0
DA:1539,0
DA:1543,0
DA:1544,0
DA:1546,0
DA:1548,0
DA:1550,0
DA:1552,0
DA:1556,0
DA:1559,0
DA:1561,0
DA:1562,0
DA:1564,0
DA:1565,0
DA:1567,0
DA:1569,0
DA:1573,0
DA:1575,0
DA:1576,0
DA:1577,0
DA:1580,0
DA:1581,0
DA:1582,0
DA:1584,0
DA:1585,0
DA:1587,0
DA:1589,0
DA:1590,0
DA:1591,0
DA:1592,0
DA:1594,0
DA:1597,0
DA:1598,0
DA:1599,0
DA:1600,0
DA:1601,0
DA:1606,0
DA:1607,0
DA:1608,0
DA:1612,0
DA:1613,0
DA:1614,0
DA:1615,0
DA:1617,0
DA:1618,0
DA:1621,0
DA:1622,0
DA:1623,0
DA:1624,0
DA:1625,0
DA:1626,0
DA:1630,0
DA:1633,0
DA:1634,0
DA:1635,0
DA:1636,0
DA:1639,0
DA:1640,0
DA:1641,0
DA:1642,0
DA:1643,0
DA:1644,0
DA:1645,0
DA:1647,0
DA:1648,0
DA:1649,0
DA:1650,0
DA:1651,0
DA:1654,0
DA:1655,0
DA:1658,0
DA:1659,0
DA:1660,0
DA:1662,0
DA:1663,0
DA:1664,0
DA:1665,0
DA:1666,0
DA:1667,0
DA:1669,0
DA:1671,0
DA:1673,0
DA:1675,0
DA:1678,0
DA:1679,0
DA:1680,0
DA:1683,0
DA:1686,0
DA:1687,0
DA:1688,0
DA:1689,0
DA:1690,0
DA:1691,0
DA:1692,0
DA:1693,0
DA:1694,0
DA:1695,0
DA:1697,0
DA:1709,0
DA:1710,0
DA:1720,0
DA:1721,0
DA:1722,0
DA:1723,0
DA:1724,0
DA:1725,0
DA:1726,0
DA:1728,0
DA:1730,0
DA:1743,0
DA:1744,0
DA:1745,0
DA:1746,0
DA:1747,0
DA:1748,0
DA:1759,0
DA:1760,0
DA:1761,0
DA:1762,0
DA:1764,0
DA:1765,0
DA:1766,0
DA:1767,0
DA:1768,0
DA:1769,0
DA:1770,0
DA:1771,0
DA:1772,0
DA:1777,0
DA:1778,0
DA:1779,0
DA:1780,0
DA:1781,0
DA:1783,0
DA:1784,0
DA:1785,0
DA:1786,0
DA:1787,0
DA:1788,0
DA:1789,0
DA:1791,0
DA:1795,0
DA:1796,0
DA:1797,0
DA:1798,0
DA:1800,0
DA:1801,0
DA:1802,0
DA:1803,0
DA:1804,0
DA:1805,0
DA:1806,0
DA:1811,0
DA:1812,0
DA:1814,0
DA:1818,0
DA:1819,0
DA:1820,0
DA:1821,0
DA:1822,0
DA:1823,0
DA:1824,0
DA:1827,0
LF:1017
LH:0
BRDA:69,0,0,0
BRDA:69,0,1,0
BRDA:72,1,0,0
BRDA:74,2,0,0
BRDA:88,3,0,0
BRDA:88,4,0,0
BRDA:88,4,1,0
BRDA:88,4,2,0
BRDA:89,5,0,0
BRDA:90,6,0,0
BRDA:90,6,1,0
BRDA:92,7,0,0
BRDA:93,8,0,0
BRDA:93,8,1,0
BRDA:102,9,0,0
BRDA:104,10,0,0
BRDA:110,11,0,0
BRDA:110,12,0,0
BRDA:110,12,1,0
BRDA:110,12,2,0
BRDA:114,13,0,0
BRDA:114,14,0,0
BRDA:114,14,1,0
BRDA:114,14,2,0
BRDA:118,15,0,0
BRDA:118,16,0,0
BRDA:118,16,1,0
BRDA:125,17,0,0
BRDA:141,18,0,0
BRDA:143,19,0,0
BRDA:145,20,0,0
BRDA:148,21,0,0
BRDA:183,22,0,0
BRDA:183,23,0,0
BRDA:183,23,1,0
BRDA:187,24,0,0
BRDA:187,25,0,0
BRDA:187,25,1,0
BRDA:191,26,0,0
BRDA:191,27,0,0
BRDA:191,27,1,0
BRDA:209,28,0,0
BRDA:219,29,0,0
BRDA:223,30,0,0
BRDA:227,31,0,0
BRDA:227,32,0,0
BRDA:227,32,1,0
BRDA:234,33,0,0
BRDA:239,34,0,0
BRDA:239,35,0,0
BRDA:239,35,1,0
BRDA:243,36,0,0
BRDA:243,37,0,0
BRDA:243,37,1,0
BRDA:264,38,0,0
BRDA:270,39,0,0
BRDA:285,40,0,0
BRDA:285,41,0,0
BRDA:285,41,1,0
BRDA:286,42,0,0
BRDA:286,42,1,0
BRDA:302,43,0,0
BRDA:302,43,1,0
BRDA:302,44,0,0
BRDA:302,44,1,0
BRDA:305,45,0,0
BRDA:305,45,1,0
BRDA:305,46,0,0
BRDA:305,46,1,0
BRDA:324,47,0,0
BRDA:325,48,0,0
BRDA:343,49,0,0
BRDA:362,50,0,0
BRDA:362,51,0,0
BRDA:362,51,1,0
BRDA:363,52,0,0
BRDA:363,52,1,0
BRDA:381,53,0,0
BRDA:381,54,0,0
BRDA:381,54,1,0
BRDA:389,55,0,0
BRDA:389,56,0,0
BRDA:389,56,1,0
BRDA:393,57,0,0
BRDA:399,58,0,0
BRDA:403,59,0,0
BRDA:404,60,0,0
BRDA:404,61,0,0
BRDA:405,62,0,0
BRDA:405,63,0,0
BRDA:418,64,0,0
BRDA:422,65,0,0
BRDA:422,65,1,0
BRDA:426,66,0,0
BRDA:426,67,0,0
BRDA:427,68,0,0
BRDA:427,69,0,0
BRDA:439,70,0,0
BRDA:441,71,0,0
BRDA:441,71,1,0
BRDA:441,72,0,0
BRDA:441,72,1,0
BRDA:442,73,0,0
BRDA:442,73,1,0
BRDA:443,74,0,0
BRDA:443,74,1,0
BRDA:459,75,0,0
BRDA:479,76,0,0
BRDA:480,77,0,0
BRDA:482,78,0,0
BRDA:482,78,1,0
BRDA:482,79,0,0
BRDA:482,79,1,0
BRDA:483,80,0,0
BRDA:483,80,1,0
BRDA:483,81,0,0
BRDA:483,81,1,0
BRDA:487,82,0,0
BRDA:487,83,0,0
BRDA:487,83,1,0
BRDA:492,84,0,0
BRDA:492,85,0,0
BRDA:493,86,0,0
BRDA:493,87,0,0
BRDA:497,88,0,0
BRDA:507,89,0,0
BRDA:507,90,0,0
BRDA:507,90,1,0
BRDA:510,91,0,0
BRDA:510,92,0,0
BRDA:510,92,1,0
BRDA:510,92,2,0
BRDA:510,92,3,0
BRDA:512,93,0,0
BRDA:519,94,0,0
BRDA:528,95,0,0
BRDA:537,96,0,0
BRDA:542,97,0,0
BRDA:542,97,1,0
BRDA:543,98,0,0
BRDA:551,99,0,0
BRDA:551,100,0,0
BRDA:551,100,1,0
BRDA:554,101,0,0
BRDA:554,101,1,0
BRDA:558,102,0,0
BRDA:559,103,0,0
BRDA:561,104,0,0
BRDA:584,105,0,0
BRDA:608,106,0,0
BRDA:608,106,1,0
BRDA:616,107,0,0
BRDA:616,107,1,0
BRDA:620,108,0,0
BRDA:620,108,1,0
BRDA:635,109,0,0
BRDA:635,109,1,0
BRDA:636,110,0,0
BRDA:636,110,1,0
BRDA:646,111,0,0
BRDA:646,111,1,0
BRDA:646,112,0,0
BRDA:646,112,1,0
BRDA:649,113,0,0
BRDA:657,114,0,0
BRDA:657,114,1,0
BRDA:659,115,0,0
BRDA:675,116,0,0
BRDA:675,117,0,0
BRDA:675,117,1,0
BRDA:675,117,2,0
BRDA:678,118,0,0
BRDA:684,119,0,0
BRDA:696,120,0,0
BRDA:699,121,0,0
BRDA:699,121,1,0
BRDA:700,122,0,0
BRDA:700,122,1,0
BRDA:702,123,0,0
BRDA:702,123,1,0
BRDA:705,124,0,0
BRDA:705,124,1,0
BRDA:711,125,0,0
BRDA:714,126,0,0
BRDA:714,126,1,0
BRDA:723,127,0,0
BRDA:723,127,1,0
BRDA:727,128,0,0
BRDA:727,128,1,0
BRDA:733,129,0,0
BRDA:737,130,0,0
BRDA:737,130,1,0
BRDA:755,131,0,0
BRDA:755,131,1,0
BRDA:755,131,2,0
BRDA:755,131,3,0
BRDA:773,132,0,0
BRDA:782,133,0,0
BRDA:783,134,0,0
BRDA:787,135,0,0
BRDA:787,135,1,0
BRDA:789,136,0,0
BRDA:789,136,1,0
BRDA:789,137,0,0
BRDA:789,137,1,0
BRDA:801,138,0,0
BRDA:801,138,1,0
BRDA:811,139,0,0
BRDA:816,140,0,0
BRDA:816,140,1,0
BRDA:822,141,0,0
BRDA:822,142,0,0
BRDA:822,142,1,0
BRDA:826,143,0,0
BRDA:829,144,0,0
BRDA:829,144,1,0
BRDA:830,145,0,0
BRDA:830,146,0,0
BRDA:830,146,1,0
BRDA:866,147,0,0
BRDA:880,148,0,0
BRDA:888,149,0,0
BRDA:899,150,0,0
BRDA:920,151,0,0
BRDA:926,152,0,0
BRDA:930,153,0,0
BRDA:930,153,1,0
BRDA:931,154,0,0
BRDA:937,155,0,0
BRDA:940,156,0,0
BRDA:953,157,0,0
BRDA:972,158,0,0
BRDA:980,159,0,0
BRDA:980,160,0,0
BRDA:980,160,1,0
BRDA:980,160,2,0
BRDA:986,161,0,0
BRDA:992,162,0,0
BRDA:992,162,1,0
BRDA:995,163,0,0
BRDA:996,164,0,0
BRDA:996,164,1,0
BRDA:998,165,0,0
BRDA:1002,166,0,0
BRDA:1020,167,0,0
BRDA:1037,168,0,0
BRDA:1039,169,0,0
BRDA:1039,170,0,0
BRDA:1039,170,1,0
BRDA:1039,171,0,0
BRDA:1039,172,0,0
BRDA:1039,172,1,0
BRDA:1040,173,0,0
BRDA:1040,173,1,0
BRDA:1042,174,0,0
BRDA:1042,174,1,0
BRDA:1046,175,0,0
BRDA:1046,175,1,0
BRDA:1048,176,0,0
BRDA:1048,177,0,0
BRDA:1048,177,1,0
BRDA:1054,178,0,0
BRDA:1055,179,0,0
BRDA:1061,180,0,0
BRDA:1061,181,0,0
BRDA:1061,181,1,0
BRDA:1061,181,2,0
BRDA:1062,182,0,0
BRDA:1063,183,0,0
BRDA:1066,184,0,0
BRDA:1068,185,0,0
BRDA:1069,186,0,0
BRDA:1069,186,1,0
BRDA:1069,187,0,0
BRDA:1069,187,1,0
BRDA:1070,188,0,0
BRDA:1073,189,0,0
BRDA:1074,190,0,0
BRDA:1076,191,0,0
BRDA:1076,192,0,0
BRDA:1076,192,1,0
BRDA:1080,193,0,0
BRDA:1085,194,0,0
BRDA:1087,195,0,0
BRDA:1087,195,1,0
BRDA:1089,196,0,0
BRDA:1089,196,1,0
BRDA:1091,197,0,0
BRDA:1091,197,1,0
BRDA:1091,198,0,0
BRDA:1091,198,1,0
BRDA:1091,198,2,0
BRDA:1096,199,0,0
BRDA:1096,199,1,0
BRDA:1104,200,0,0
BRDA:1107,201,0,0
BRDA:1107,202,0,0
BRDA:1107,202,1,0
BRDA:1114,203,0,0
BRDA:1114,203,1,0
BRDA:1116,204,0,0
BRDA:1116,205,0,0
BRDA:1116,205,1,0
BRDA:1123,206,0,0
BRDA:1123,206,1,0
BRDA:1123,207,0,0
BRDA:1123,207,1,0
BRDA:1127,208,0,0
BRDA:1127,208,1,0
BRDA:1127,209,0,0
BRDA:1127,209,1,0
BRDA:1131,210,0,0
BRDA:1131,211,0,0
BRDA:1131,211,1,0
BRDA:1133,212,0,0
BRDA:1133,212,1,0
BRDA:1133,213,0,0
BRDA:1133,213,1,0
BRDA:1138,214,0,0
BRDA:1138,214,1,0
BRDA:1138,215,0,0
BRDA:1138,215,1,0
BRDA:1148,216,0,0
BRDA:1148,216,1,0
BRDA:1158,217,0,0
BRDA:1158,217,1,0
BRDA:1162,218,0,0
BRDA:1162,218,1,0
BRDA:1166,219,0,0
BRDA:1166,219,1,0
BRDA:1172,220,0,0
BRDA:1172,221,0,0
BRDA:1172,221,1,0
BRDA:1192,222,0,0
BRDA:1203,223,0,0
BRDA:1203,224,0,0
BRDA:1203,224,1,0
BRDA:1215,225,0,0
BRDA:1215,226,0,0
BRDA:1215,226,1,0
BRDA:1216,227,0,0
BRDA:1216,227,1,0
BRDA:1217,228,0,0
BRDA:1217,228,1,0
BRDA:1230,229,0,0
BRDA:1230,230,0,0
BRDA:1230,230,1,0
BRDA:1233,231,0,0
BRDA:1233,231,1,0
BRDA:1233,232,0,0
BRDA:1233,232,1,0
BRDA:1233,232,2,0
BRDA:1236,233,0,0
BRDA:1236,233,1,0
BRDA:1265,234,0,0
BRDA:1269,235,0,0
BRDA:1269,236,0,0
BRDA:1269,236,1,0
BRDA:1269,236,2,0
BRDA:1278,237,0,0
BRDA:1281,238,0,0
BRDA:1283,239,0,0
BRDA:1283,239,1,0
BRDA:1284,240,0,0
BRDA:1284,240,1,0
BRDA:1284,241,0,0
BRDA:1287,242,0,0
BRDA:1287,243,0,0
BRDA:1287,243,1,0
BRDA:1287,243,2,0
BRDA:1288,244,0,0
BRDA:1288,244,1,0
BRDA:1298,245,0,0
BRDA:1298,245,1,0
BRDA:1299,246,0,0
BRDA:1306,247,0,0
BRDA:1306,248,0,0
BRDA:1306,248,1,0
BRDA:1306,248,2,0
BRDA:1307,249,0,0
BRDA:1308,250,0,0
BRDA:1311,251,0,0
BRDA:1315,252,0,0
BRDA:1315,252,1,0
BRDA:1318,253,0,0
BRDA:1320,254,0,0
BRDA:1321,255,0,0
BRDA:1321,255,1,0
BRDA:1322,256,0,0
BRDA:1322,256,1,0
BRDA:1324,257,0,0
BRDA:1324,257,1,0
BRDA:1333,258,0,0
BRDA:1333,259,0,0
BRDA:1333,259,1,0
BRDA:1339,260,0,0
BRDA:1339,260,1,0
BRDA:1340,261,0,0
BRDA:1346,262,0,0
BRDA:1347,263,0,0
BRDA:1347,263,1,0
BRDA:1350,264,0,0
BRDA:1350,264,1,0
BRDA:1353,265,0,0
BRDA:1353,265,1,0
BRDA:1356,266,0,0
BRDA:1356,266,1,0
BRDA:1365,267,0,0
BRDA:1365,267,1,0
BRDA:1368,268,0,0
BRDA:1368,268,1,0
BRDA:1368,269,0,0
BRDA:1368,269,1,0
BRDA:1370,270,0,0
BRDA:1370,270,1,0
BRDA:1384,271,0,0
BRDA:1386,272,0,0
BRDA:1386,272,1,0
BRDA:1388,273,0,0
BRDA:1388,273,1,0
BRDA:1389,274,0,0
BRDA:1389,274,1,0
BRDA:1412,275,0,0
BRDA:1425,276,0,0
BRDA:1433,277,0,0
BRDA:1433,277,1,0
BRDA:1433,278,0,0
BRDA:1433,278,1,0
BRDA:1440,279,0,0
BRDA:1443,280,0,0
BRDA:1443,281,0,0
BRDA:1443,281,1,0
BRDA:1445,282,0,0
BRDA:1446,283,0,0
BRDA:1446,284,0,0
BRDA:1446,284,1,0
BRDA:1447,285,0,0
BRDA:1447,285,1,0
BRDA:1447,286,0,0
BRDA:1447,286,1,0
BRDA:1447,287,0,0
BRDA:1447,287,1,0
BRDA:1448,288,0,0
BRDA:1475,289,0,0
BRDA:1475,290,0,0
BRDA:1475,290,1,0
BRDA:1477,291,0,0
BRDA:1485,292,0,0
BRDA:1485,293,0,0
BRDA:1485,293,1,0
BRDA:1488,294,0,0
BRDA:1488,294,1,0
BRDA:1488,295,0,0
BRDA:1488,295,1,0
BRDA:1490,296,0,0
BRDA:1490,297,0,0
BRDA:1490,297,1,0
BRDA:1492,298,0,0
BRDA:1492,298,1,0
BRDA:1492,299,0,0
BRDA:1492,299,1,0
BRDA:1492,300,0,0
BRDA:1492,300,1,0
BRDA:1492,301,0,0
BRDA:1492,301,1,0
BRDA:1496,302,0,0
BRDA:1497,303,0,0
BRDA:1497,303,1,0
BRDA:1498,304,0,0
BRDA:1498,304,1,0
BRDA:1499,305,0,0
BRDA:1499,305,1,0
BRDA:1503,306,0,0
BRDA:1503,307,0,0
BRDA:1503,307,1,0
BRDA:1504,308,0,0
BRDA:1504,308,1,0
BRDA:1522,309,0,0
BRDA:1527,310,0,0
BRDA:1530,311,0,0
BRDA:1538,312,0,0
BRDA:1559,313,0,0
BRDA:1561,314,0,0
BRDA:1573,315,0,0
BRDA:1573,315,1,0
BRDA:1576,316,0,0
BRDA:1576,317,0,0
BRDA:1576,317,1,0
BRDA:1577,318,0,0
BRDA:1577,318,1,0
BRDA:1581,319,0,0
BRDA:1581,319,1,0
BRDA:1581,320,0,0
BRDA:1581,320,1,0
BRDA:1584,321,0,0
BRDA:1584,321,1,0
BRDA:1584,321,2,0
BRDA:1585,322,0,0
BRDA:1585,322,1,0
BRDA:1587,323,0,0
BRDA:1587,323,1,0
BRDA:1589,324,0,0
BRDA:1589,325,0,0
BRDA:1589,325,1,0
BRDA:1591,326,0,0
BRDA:1591,327,0,0
BRDA:1591,327,1,0
BRDA:1592,328,0,0
BRDA:1592,328,1,0
BRDA:1600,329,0,0
BRDA:1600,330,0,0
BRDA:1600,330,1,0
BRDA:1601,331,0,0
BRDA:1601,331,1,0
BRDA:1607,332,0,0
BRDA:1607,333,0,0
BRDA:1607,333,1,0
BRDA:1608,334,0,0
BRDA:1608,334,1,0
BRDA:1612,335,0,0
BRDA:1612,335,1,0
BRDA:1612,336,0,0
BRDA:1612,336,1,0
BRDA:1612,337,0,0
BRDA:1612,337,1,0
BRDA:1612,338,0,0
BRDA:1612,338,1,0
BRDA:1612,339,0,0
BRDA:1612,339,1,0
BRDA:1612,340,0,0
BRDA:1612,340,1,0
BRDA:1613,341,0,0
BRDA:1613,341,1,0
BRDA:1613,342,0,0
BRDA:1613,342,1,0
BRDA:1613,343,0,0
BRDA:1613,343,1,0
BRDA:1613,344,0,0
BRDA:1613,344,1,0
BRDA:1614,345,0,0
BRDA:1614,345,1,0
BRDA:1614,346,0,0
BRDA:1614,346,1,0
BRDA:1614,347,0,0
BRDA:1614,347,1,0
BRDA:1614,348,0,0
BRDA:1614,348,1,0
BRDA:1615,349,0,0
BRDA:1615,349,1,0
BRDA:1615,350,0,0
BRDA:1615,350,1,0
BRDA:1617,351,0,0
BRDA:1617,352,0,0
BRDA:1617,352,1,0
BRDA:1622,353,0,0
BRDA:1622,353,1,0
BRDA:1622,354,0,0
BRDA:1622,354,1,0
BRDA:1623,355,0,0
BRDA:1623,355,1,0
BRDA:1623,355,2,0
BRDA:1623,356,0,0
BRDA:1623,356,1,0
BRDA:1623,357,0,0
BRDA:1623,357,1,0
BRDA:1623,358,0,0
BRDA:1623,358,1,0
BRDA:1623,359,0,0
BRDA:1623,359,1,0
BRDA:1623,360,0,0
BRDA:1623,360,1,0
BRDA:1623,361,0,0
BRDA:1623,361,1,0
BRDA:1623,362,0,0
BRDA:1623,362,1,0
BRDA:1623,363,0,0
BRDA:1623,363,1,0
BRDA:1624,364,0,0
BRDA:1624,364,1,0
BRDA:1624,365,0,0
BRDA:1624,365,1,0
BRDA:1624,366,0,0
BRDA:1624,366,1,0
BRDA:1625,367,0,0
BRDA:1625,367,1,0
BRDA:1625,368,0,0
BRDA:1625,368,1,0
BRDA:1625,369,0,0
BRDA:1625,369,1,0
BRDA:1649,370,0,0
BRDA:1649,370,1,0
BRDA:1654,371,0,0
BRDA:1658,372,0,0
BRDA:1665,373,0,0
BRDA:1665,374,0,0
BRDA:1665,374,1,0
BRDA:1671,375,0,0
BRDA:1671,375,1,0
BRDA:1679,376,0,0
BRDA:1679,377,0,0
BRDA:1679,377,1,0
BRDA:1686,378,0,0
BRDA:1688,379,0,0
BRDA:1688,379,1,0
BRDA:1688,379,2,0
BRDA:1690,380,0,0
BRDA:1690,380,1,0
BRDA:1690,381,0,0
BRDA:1690,381,1,0
BRDA:1691,382,0,0
BRDA:1691,382,1,0
BRDA:1691,383,0,0
BRDA:1691,383,1,0
BRDA:1707,384,0,0
BRDA:1709,385,0,0
BRDA:1709,385,1,0
BRDA:1718,386,0,0
BRDA:1726,387,0,0
BRDA:1741,388,0,0
BRDA:1746,389,0,0
BRDA:1747,390,0,0
BRDA:1756,391,0,0
BRDA:1757,392,0,0
BRDA:1766,393,0,0
BRDA:1766,394,0,0
BRDA:1766,394,1,0
BRDA:1769,395,0,0
BRDA:1772,396,0,0
BRDA:1785,397,0,0
BRDA:1785,397,1,0
BRDA:1788,398,0,0
BRDA:1788,398,1,0
BRDA:1789,399,0,0
BRDA:1789,399,1,0
BRDA:1803,400,0,0
BRDA:1806,401,0,0
BRDA:1812,402,0,0
BRDA:1812,402,1,0
BRDA:1824,403,0,0
BRF:639
BRH:0
end_of_record
